[0.000000] (-) TimerEvent: {}
[0.000000] (speech_ros2) JobQueued: {'identifier': 'speech_ros2', 'dependencies': OrderedDict()}
[0.015000] (speech_ros2) JobStarted: {'identifier': 'speech_ros2'}
[0.078000] (speech_ros2) JobProgress: {'identifier': 'speech_ros2', 'progress': 'cmake'}
[0.078000] (speech_ros2) Command: {'cmd': ['c:\\opt\\ros\\foxy\\x64\\Scripts\\cmake.EXE', 'C:\\Users\\mimii\\Documents\\GitHub\\Speech\\ros2\\speech_ros2', '-DCMAKE_INSTALL_PREFIX=C:\\Users\\mimii\\Documents\\GitHub\\Speech\\install', '-G', 'Visual Studio 16 2019'], 'cwd': 'C:\\Users\\mimii\\Documents\\GitHub\\Speech\\build\\speech_ros2', 'env': OrderedDict([('ALLUSERSPROFILE', 'C:\\ProgramData'), ('AMENT_PREFIX_PATH', 'c:\\opt\\ros\\foxy\\x64'), ('APPDATA', 'C:\\Users\\mimii\\AppData\\Roaming'), ('asl.log', 'Destination=file'), ('ChocolateyInstall', 'C:\\ProgramData\\chocolatey'), ('ChocolateyLastPathUpdate', '132916411663379896'), ('CMAKE_PREFIX_PATH', 'C:\\opt\\ros\\foxy\\x64\\tools\\vcpkg\\installed\\x64-windows;c:\\opt\\ros\\foxy\\x64'), ('COLCON', '1'), ('COLCON_PREFIX_PATH', 'c:\\opt\\ros\\foxy\\x64\\;C:\\Windows\\System32\\install\\'), ('CommandPromptType', 'Native'), ('CommonProgramFiles', 'C:\\Program Files\\Common Files'), ('CommonProgramFiles(x86)', 'C:\\Program Files (x86)\\Common Files'), ('CommonProgramW6432', 'C:\\Program Files\\Common Files'), ('COMPUTERNAME', 'LAPTOP-DGS5LQ74'), ('ComSpec', 'C:\\WINDOWS\\system32\\cmd.exe'), ('DevEnvDir', 'C:\\Program Files (x86)\\Microsoft Visual Studio\\2019\\Community\\Common7\\IDE\\'), ('DriverData', 'C:\\Windows\\System32\\Drivers\\DriverData'), ('ExtensionSdkDir', 'C:\\Program Files (x86)\\Microsoft SDKs\\Windows Kits\\10\\ExtensionSDKs'), ('Framework40Version', 'v4.0'), ('FrameworkDir', 'C:\\Windows\\Microsoft.NET\\Framework64\\'), ('FrameworkDir64', 'C:\\Windows\\Microsoft.NET\\Framework64\\'), ('FrameworkVersion', 'v4.0.30319'), ('FrameworkVersion64', 'v4.0.30319'), ('HOMEDRIVE', 'C:'), ('HOMEPATH', '\\Users\\mimii'), ('INCLUDE', 'C:\\Program Files (x86)\\Microsoft Visual Studio\\2019\\Community\\VC\\Tools\\MSVC\\14.29.30133\\ATLMFC\\include;C:\\Program Files (x86)\\Microsoft Visual Studio\\2019\\Community\\VC\\Tools\\MSVC\\14.29.30133\\include;C:\\Program Files (x86)\\Windows Kits\\NETFXSDK\\4.8\\include\\um;C:\\Program Files (x86)\\Windows Kits\\10\\include\\10.0.20348.0\\ucrt;C:\\Program Files (x86)\\Windows Kits\\10\\include\\10.0.20348.0\\shared;C:\\Program Files (x86)\\Windows Kits\\10\\include\\10.0.20348.0\\um;C:\\Program Files (x86)\\Windows Kits\\10\\include\\10.0.20348.0\\winrt;C:\\Program Files (x86)\\Windows Kits\\10\\include\\10.0.20348.0\\cppwinrt'), ('LIB', 'C:\\Program Files (x86)\\Microsoft Visual Studio\\2019\\Community\\VC\\Tools\\MSVC\\14.29.30133\\ATLMFC\\lib\\x64;C:\\Program Files (x86)\\Microsoft Visual Studio\\2019\\Community\\VC\\Tools\\MSVC\\14.29.30133\\lib\\x64;C:\\Program Files (x86)\\Windows Kits\\NETFXSDK\\4.8\\lib\\um\\x64;C:\\Program Files (x86)\\Windows Kits\\10\\lib\\10.0.20348.0\\ucrt\\x64;C:\\Program Files (x86)\\Windows Kits\\10\\lib\\10.0.20348.0\\um\\x64'), ('LIBPATH', 'C:\\Program Files (x86)\\Microsoft Visual Studio\\2019\\Community\\VC\\Tools\\MSVC\\14.29.30133\\ATLMFC\\lib\\x64;C:\\Program Files (x86)\\Microsoft Visual Studio\\2019\\Community\\VC\\Tools\\MSVC\\14.29.30133\\lib\\x64;C:\\Program Files (x86)\\Microsoft Visual Studio\\2019\\Community\\VC\\Tools\\MSVC\\14.29.30133\\lib\\x86\\store\\references;C:\\Program Files (x86)\\Windows Kits\\10\\UnionMetadata\\10.0.20348.0;C:\\Program Files (x86)\\Windows Kits\\10\\References\\10.0.20348.0;C:\\Windows\\Microsoft.NET\\Framework64\\v4.0.30319'), ('LOCALAPPDATA', 'C:\\Users\\mimii\\AppData\\Local'), ('LOGONSERVER', '\\\\LAPTOP-DGS5LQ74'), ('NETFXSDKDir', 'C:\\Program Files (x86)\\Windows Kits\\NETFXSDK\\4.8\\'), ('NUMBER_OF_PROCESSORS', '12'), ('OneDrive', 'C:\\Users\\mimii\\OneDrive'), ('OneDriveConsumer', 'C:\\Users\\mimii\\OneDrive'), ('OS', 'Windows_NT'), ('Path', 'c:\\opt\\ros\\foxy\\x64\\;c:\\opt\\ros\\foxy\\x64\\opt\\rviz_ogre_vendor\\bin;C:\\opt\\ros\\foxy\\x64\\tools\\vcpkg\\installed\\x64-windows\\bin;C:\\opt\\ros\\foxy\\x64\\tools\\vcpkg;c:\\opt\\ros\\foxy\\x64\\Scripts;c:\\opt\\ros\\foxy\\x64\\bin;C:\\Program Files (x86)\\Microsoft Visual Studio\\2019\\Community\\Common7\\IDE\\\\Extensions\\Microsoft\\IntelliCode\\CLI;C:\\Program Files (x86)\\Microsoft Visual Studio\\2019\\Community\\VC\\Tools\\MSVC\\14.29.30133\\bin\\HostX64\\x64;C:\\Program Files (x86)\\Microsoft Visual Studio\\2019\\Community\\Common7\\IDE\\VC\\VCPackages;C:\\Program Files (x86)\\Microsoft Visual Studio\\2019\\Community\\Common7\\IDE\\CommonExtensions\\Microsoft\\TestWindow;C:\\Program Files (x86)\\Microsoft Visual Studio\\2019\\Community\\Common7\\IDE\\CommonExtensions\\Microsoft\\TeamFoundation\\Team Explorer;C:\\Program Files (x86)\\Microsoft Visual Studio\\2019\\Community\\MSBuild\\Current\\bin\\Roslyn;C:\\Program Files (x86)\\Microsoft Visual Studio\\2019\\Community\\Team Tools\\Performance Tools\\x64;C:\\Program Files (x86)\\Microsoft Visual Studio\\2019\\Community\\Team Tools\\Performance Tools;C:\\Program Files (x86)\\Microsoft Visual Studio\\Shared\\Common\\VSPerfCollectionTools\\vs2019\\\\x64;C:\\Program Files (x86)\\Microsoft Visual Studio\\Shared\\Common\\VSPerfCollectionTools\\vs2019\\;C:\\Program Files (x86)\\Microsoft SDKs\\Windows\\v10.0A\\bin\\NETFX 4.8 Tools\\x64\\;C:\\Program Files (x86)\\Microsoft Visual Studio\\2019\\Community\\Common7\\Tools\\devinit;C:\\Program Files (x86)\\Windows Kits\\10\\bin\\10.0.20348.0\\x64;C:\\Program Files (x86)\\Windows Kits\\10\\bin\\x64;C:\\Program Files (x86)\\Microsoft Visual Studio\\2019\\Community\\\\MSBuild\\Current\\Bin;C:\\Windows\\Microsoft.NET\\Framework64\\v4.0.30319;C:\\Program Files (x86)\\Microsoft Visual Studio\\2019\\Community\\Common7\\IDE\\;C:\\Program Files (x86)\\Microsoft Visual Studio\\2019\\Community\\Common7\\Tools\\;C:\\Users\\mimii\\Desktop\\installsoftware\\bmptk\\tools;C:\\Windows\\system32;C:\\Windows;C:\\Windows\\System32\\Wbem;C:\\Windows\\System32\\WindowsPowerShell\\v1.0\\;C:\\Windows\\System32\\OpenSSH\\;C:\\Program Files (x86)\\NVIDIA Corporation\\PhysX\\Common;C:\\Program Files\\NVIDIA Corporation\\NVIDIA NvDLISR;C:\\TDM-GCC-32\\bin;C:\\WINDOWS\\system32;C:\\WINDOWS;C:\\WINDOWS\\System32\\Wbem;C:\\WINDOWS\\System32\\WindowsPowerShell\\v1.0\\;C:\\WINDOWS\\System32\\OpenSSH\\;C:\\ProgramData\\chocolatey\\bin;C:\\Program Files\\Git\\cmd;C:\\Program Files (x86)\\Windows Kits\\10\\Windows Performance Toolkit\\;C:\\Users\\mimii\\AppData\\Local\\Programs\\Python\\Python37\\Scripts\\;C:\\Users\\mimii\\AppData\\Local\\Programs\\Python\\Python37\\;C:\\Users\\mimii\\AppData\\Local\\Microsoft\\WindowsApps;C:\\Users\\mimii\\AppData\\Local\\GitHubDesktop\\bin;C:\\Program Files (x86)\\Microsoft Visual Studio\\2019\\Community\\Common7\\IDE\\CommonExtensions\\Microsoft\\CMake\\CMake\\bin;C:\\Program Files (x86)\\Microsoft Visual Studio\\2019\\Community\\Common7\\IDE\\CommonExtensions\\Microsoft\\CMake\\Ninja'), ('PATHEXT', '.COM;.EXE;.BAT;.CMD;.VBS;.VBE;.JS;.JSE;.WSF;.WSH;.MSC'), ('PKG_CONFIG_PATH', 'c:\\opt\\ros\\foxy\\x64\\lib\\pkgconfig'), ('Platform', 'x64'), ('PROCESSOR_ARCHITECTURE', 'AMD64'), ('PROCESSOR_IDENTIFIER', 'Intel64 Family 6 Model 165 Stepping 2, GenuineIntel'), ('PROCESSOR_LEVEL', '6'), ('PROCESSOR_REVISION', 'a502'), ('ProgramData', 'C:\\ProgramData'), ('ProgramFiles', 'C:\\Program Files'), ('ProgramFiles(x86)', 'C:\\Program Files (x86)'), ('ProgramW6432', 'C:\\Program Files'), ('PROMPT', '$P$G'), ('PSModulePath', 'C:\\Program Files\\WindowsPowerShell\\Modules;C:\\WINDOWS\\system32\\WindowsPowerShell\\v1.0\\Modules'), ('PUBLIC', 'C:\\Users\\Public'), ('PYTHONPATH', 'c:\\opt\\ros\\foxy\\x64\\Lib\\site-packages'), ('ROS_DISTRO', 'foxy'), ('ROS_ETC_DIR', 'C:\\opt\\ros\\foxy\\x64\\etc\\ros'), ('ROS_LOCALHOST_ONLY', '0'), ('ROS_PYTHON_VERSION', '3'), ('ROS_VERSION', '2'), ('SDF_PATH', 'C:\\opt\\ros\\foxy\\x64\\share\\sdformat\\1.6'), ('SystemDrive', 'C:'), ('SystemRoot', 'C:\\WINDOWS'), ('TEMP', 'C:\\Users\\mimii\\AppData\\Local\\Temp'), ('TMP', 'C:\\Users\\mimii\\AppData\\Local\\Temp'), ('UCRTVersion', '10.0.20348.0'), ('UniversalCRTSdkDir', 'C:\\Program Files (x86)\\Windows Kits\\10\\'), ('USERDOMAIN', 'LAPTOP-DGS5LQ74'), ('USERDOMAIN_ROAMINGPROFILE', 'LAPTOP-DGS5LQ74'), ('USERNAME', 'mimii'), ('USERPROFILE', 'C:\\Users\\mimii'), ('VBOX_MSI_INSTALL_PATH', 'C:\\Program Files\\Oracle\\VirtualBox\\'), ('VCIDEInstallDir', 'C:\\Program Files (x86)\\Microsoft Visual Studio\\2019\\Community\\Common7\\IDE\\VC\\'), ('VCINSTALLDIR', 'C:\\Program Files (x86)\\Microsoft Visual Studio\\2019\\Community\\VC\\'), ('VCPKG_DEFAULT_TRIPLET', 'x64-windows'), ('VCPKG_ROOT', 'C:\\opt\\ros\\foxy\\x64\\tools\\vcpkg'), ('VCToolsInstallDir', 'C:\\Program Files (x86)\\Microsoft Visual Studio\\2019\\Community\\VC\\Tools\\MSVC\\14.29.30133\\'), ('VCToolsRedistDir', 'C:\\Program Files (x86)\\Microsoft Visual Studio\\2019\\Community\\VC\\Redist\\MSVC\\14.29.30133\\'), ('VCToolsVersion', '14.29.30133'), ('VisualStudioVersion', '16.0'), ('VS160COMNTOOLS', 'C:\\Program Files (x86)\\Microsoft Visual Studio\\2019\\Community\\Common7\\Tools\\'), ('VSCMD_ARG_app_plat', 'Desktop'), ('VSCMD_ARG_HOST_ARCH', 'x64'), ('VSCMD_ARG_TGT_ARCH', 'x64'), ('VSCMD_VER', '16.11.11'), ('VSINSTALLDIR', 'C:\\Program Files (x86)\\Microsoft Visual Studio\\2019\\Community\\'), ('windir', 'C:\\WINDOWS'), ('WindowsLibPath', 'C:\\Program Files (x86)\\Windows Kits\\10\\UnionMetadata\\10.0.20348.0;C:\\Program Files (x86)\\Windows Kits\\10\\References\\10.0.20348.0'), ('WindowsSdkBinPath', 'C:\\Program Files (x86)\\Windows Kits\\10\\bin\\'), ('WindowsSdkDir', 'C:\\Program Files (x86)\\Windows Kits\\10\\'), ('WindowsSDKLibVersion', '10.0.20348.0\\'), ('WindowsSdkVerBinPath', 'C:\\Program Files (x86)\\Windows Kits\\10\\bin\\10.0.20348.0\\'), ('WindowsSDKVersion', '10.0.20348.0\\'), ('WindowsSDK_ExecutablePath_x64', 'C:\\Program Files (x86)\\Microsoft SDKs\\Windows\\v10.0A\\bin\\NETFX 4.8 Tools\\x64\\'), ('WindowsSDK_ExecutablePath_x86', 'C:\\Program Files (x86)\\Microsoft SDKs\\Windows\\v10.0A\\bin\\NETFX 4.8 Tools\\'), ('ZES_ENABLE_SYSMAN', '1'), ('__devinit_path', 'C:\\Program Files (x86)\\Microsoft Visual Studio\\2019\\Community\\Common7\\Tools\\devinit\\devinit.exe'), ('__DOTNET_ADD_64BIT', '1'), ('__DOTNET_PREFERRED_BITNESS', '64'), ('__VSCMD_PREINIT_PATH', 'C:\\Users\\mimii\\Desktop\\installsoftware\\bmptk\\tools;C:\\Windows\\system32;C:\\Windows;C:\\Windows\\System32\\Wbem;C:\\Windows\\System32\\WindowsPowerShell\\v1.0\\;C:\\Windows\\System32\\OpenSSH\\;C:\\Program Files (x86)\\NVIDIA Corporation\\PhysX\\Common;C:\\Program Files\\NVIDIA Corporation\\NVIDIA NvDLISR;C:\\TDM-GCC-32\\bin;C:\\WINDOWS\\system32;C:\\WINDOWS;C:\\WINDOWS\\System32\\Wbem;C:\\WINDOWS\\System32\\WindowsPowerShell\\v1.0\\;C:\\WINDOWS\\System32\\OpenSSH\\;C:\\ProgramData\\chocolatey\\bin;C:\\Program Files\\Git\\cmd;C:\\Program Files (x86)\\Windows Kits\\10\\Windows Performance Toolkit\\;C:\\Users\\mimii\\AppData\\Local\\Programs\\Python\\Python37\\Scripts\\;C:\\Users\\mimii\\AppData\\Local\\Programs\\Python\\Python37\\;C:\\Users\\mimii\\AppData\\Local\\Microsoft\\WindowsApps;C:\\Users\\mimii\\AppData\\Local\\GitHubDesktop\\bin'), ('__VSCMD_script_err_count', '0')]), 'shell': False}
[0.109000] (-) TimerEvent: {}
[0.203000] (speech_ros2) StdoutLine: {'line': b'-- Selecting Windows SDK version 10.0.20348.0 to target Windows 10.0.22000.\n'}
[0.218000] (-) TimerEvent: {}
[0.328000] (-) TimerEvent: {}
[0.437000] (-) TimerEvent: {}
[0.546000] (-) TimerEvent: {}
[0.656000] (-) TimerEvent: {}
[0.765000] (-) TimerEvent: {}
[0.890000] (-) TimerEvent: {}
[1.000000] (-) TimerEvent: {}
[1.109000] (-) TimerEvent: {}
[1.218000] (-) TimerEvent: {}
[1.328000] (-) TimerEvent: {}
[1.437000] (-) TimerEvent: {}
[1.546000] (-) TimerEvent: {}
[1.593000] (speech_ros2) StdoutLine: {'line': b'-- The C compiler identification is MSVC 19.29.30141.0\n'}
[1.656000] (-) TimerEvent: {}
[1.765000] (-) TimerEvent: {}
[1.875000] (-) TimerEvent: {}
[1.984000] (-) TimerEvent: {}
[2.093000] (-) TimerEvent: {}
[2.203000] (-) TimerEvent: {}
[2.328000] (-) TimerEvent: {}
[2.343000] (speech_ros2) StdoutLine: {'line': b'-- The CXX compiler identification is MSVC 19.29.30141.0\n'}
[2.406000] (speech_ros2) StdoutLine: {'line': b'-- Detecting C compiler ABI info\n'}
[2.437000] (-) TimerEvent: {}
[2.546000] (-) TimerEvent: {}
[2.656000] (-) TimerEvent: {}
[2.765000] (-) TimerEvent: {}
[2.875000] (-) TimerEvent: {}
[2.984000] (-) TimerEvent: {}
[3.093000] (-) TimerEvent: {}
[3.093000] (speech_ros2) StdoutLine: {'line': b'-- Detecting C compiler ABI info - done\n'}
[3.093000] (speech_ros2) StdoutLine: {'line': b'-- Check for working C compiler: C:/Program Files (x86)/Microsoft Visual Studio/2019/Community/VC/Tools/MSVC/14.29.30133/bin/Hostx64/x64/cl.exe - skipped\n'}
[3.093000] (speech_ros2) StdoutLine: {'line': b'-- Detecting C compile features\n'}
[3.093000] (speech_ros2) StdoutLine: {'line': b'-- Detecting C compile features - done\n'}
[3.109000] (speech_ros2) StdoutLine: {'line': b'-- Detecting CXX compiler ABI info\n'}
[3.203000] (-) TimerEvent: {}
[3.312000] (-) TimerEvent: {}
[3.437000] (-) TimerEvent: {}
[3.562000] (-) TimerEvent: {}
[3.671000] (-) TimerEvent: {}
[3.718000] (speech_ros2) StdoutLine: {'line': b'-- Detecting CXX compiler ABI info - done\n'}
[3.718000] (speech_ros2) StdoutLine: {'line': b'-- Check for working CXX compiler: C:/Program Files (x86)/Microsoft Visual Studio/2019/Community/VC/Tools/MSVC/14.29.30133/bin/Hostx64/x64/cl.exe - skipped\n'}
[3.718000] (speech_ros2) StdoutLine: {'line': b'-- Detecting CXX compile features\n'}
[3.734000] (speech_ros2) StdoutLine: {'line': b'-- Detecting CXX compile features - done\n'}
[3.750000] (speech_ros2) StdoutLine: {'line': b'-- Found ament_cmake: 0.9.9 (C:/opt/ros/foxy/x64/share/ament_cmake/cmake)\n'}
[3.781000] (-) TimerEvent: {}
[3.859000] (speech_ros2) StdoutLine: {'line': b'-- Found PythonInterp: C:/opt/ros/foxy/x64/python.exe (found suitable version "3.8.3", minimum required is "3") \n'}
[3.859000] (speech_ros2) StdoutLine: {'line': b'-- Using PYTHON_EXECUTABLE: C:/opt/ros/foxy/x64/python.exe\n'}
[3.890000] (-) TimerEvent: {}
[4.000000] (-) TimerEvent: {}
[4.109000] (-) TimerEvent: {}
[4.218000] (-) TimerEvent: {}
[4.328000] (-) TimerEvent: {}
[4.421000] (speech_ros2) StdoutLine: {'line': b'-- Found rclcpp: 2.4.0 (C:/opt/ros/foxy/x64/share/rclcpp/cmake)\n'}
[4.437000] (-) TimerEvent: {}
[4.546000] (-) TimerEvent: {}
[4.609000] (speech_ros2) StdoutLine: {'line': b'-- Using all available rosidl_typesupport_c: rosidl_typesupport_fastrtps_c;rosidl_typesupport_introspection_c\n'}
[4.656000] (speech_ros2) StdoutLine: {'line': b'-- Found rosidl_adapter: 1.2.1 (C:/opt/ros/foxy/x64/share/rosidl_adapter/cmake)\n'}
[4.656000] (-) TimerEvent: {}
[4.765000] (-) TimerEvent: {}
[4.875000] (-) TimerEvent: {}
[4.937000] (speech_ros2) StdoutLine: {'line': b'-- Found OpenSSL: C:/opt/ros/foxy/x64/Lib/libcrypto.lib (found version "1.1.1g")  \n'}
[4.984000] (-) TimerEvent: {}
[5.078000] (speech_ros2) StdoutLine: {'line': b'-- Found FastRTPS: C:/opt/ros/foxy/x64/include  \n'}
[5.093000] (-) TimerEvent: {}
[5.203000] (-) TimerEvent: {}
[5.312000] (-) TimerEvent: {}
[5.421000] (-) TimerEvent: {}
[5.437000] (speech_ros2) StdoutLine: {'line': b'-- Using all available rosidl_typesupport_cpp: rosidl_typesupport_fastrtps_cpp;rosidl_typesupport_introspection_cpp\n'}
[5.531000] (-) TimerEvent: {}
[5.609000] (speech_ros2) StdoutLine: {'line': b'-- Found rmw_implementation_cmake: 1.0.3 (C:/opt/ros/foxy/x64/share/rmw_implementation_cmake/cmake)\n'}
[5.609000] (speech_ros2) StdoutLine: {'line': b"-- Using RMW implementation 'rmw_fastrtps_cpp' as default\n"}
[5.625000] (speech_ros2) StdoutLine: {'line': b'-- Looking for pthread.h\n'}
[5.640000] (-) TimerEvent: {}
[5.750000] (-) TimerEvent: {}
[5.875000] (-) TimerEvent: {}
[5.984000] (-) TimerEvent: {}
[6.078000] (speech_ros2) StdoutLine: {'line': b'-- Looking for pthread.h - not found\n'}
[6.093000] (speech_ros2) StdoutLine: {'line': b'-- Found Threads: TRUE  \n'}
[6.093000] (-) TimerEvent: {}
[6.203000] (-) TimerEvent: {}
[6.312000] (speech_ros2) StdoutLine: {'line': b'-- Found std_msgs: 2.0.4 (C:/opt/ros/foxy/x64/share/std_msgs/cmake)\n'}
[6.312000] (-) TimerEvent: {}
[6.390000] (speech_ros2) StdoutLine: {'line': b'-- Found ZLIB: C:/opt/ros/foxy/x64/Lib/zlib.lib (found suitable version "1.2.11", minimum required is "1") \n'}
[6.421000] (-) TimerEvent: {}
[6.515000] (speech_ros2) StdoutLine: {'line': b'-- Configuring done\n'}
[6.531000] (-) TimerEvent: {}
[6.640000] (-) TimerEvent: {}
[6.703000] (speech_ros2) StdoutLine: {'line': b'-- Generating done\n'}
[6.703000] (speech_ros2) StdoutLine: {'line': b'-- Build files have been written to: C:/Users/mimii/Documents/GitHub/Speech/build/speech_ros2\n'}
[6.718000] (speech_ros2) CommandEnded: {'returncode': 0}
[6.718000] (speech_ros2) JobProgress: {'identifier': 'speech_ros2', 'progress': 'build'}
[6.718000] (speech_ros2) Command: {'cmd': ['c:\\opt\\ros\\foxy\\x64\\Scripts\\cmake.EXE', '--build', 'C:\\Users\\mimii\\Documents\\GitHub\\Speech\\build\\speech_ros2', '--config', 'Release'], 'cwd': 'C:\\Users\\mimii\\Documents\\GitHub\\Speech\\build\\speech_ros2', 'env': {'ALLUSERSPROFILE': 'C:\\ProgramData', 'AMENT_PREFIX_PATH': 'c:\\opt\\ros\\foxy\\x64', 'APPDATA': 'C:\\Users\\mimii\\AppData\\Roaming', 'asl.log': 'Destination=file', 'ChocolateyInstall': 'C:\\ProgramData\\chocolatey', 'ChocolateyLastPathUpdate': '132916411663379896', 'CMAKE_PREFIX_PATH': 'C:\\opt\\ros\\foxy\\x64\\tools\\vcpkg\\installed\\x64-windows;c:\\opt\\ros\\foxy\\x64', 'COLCON': '1', 'COLCON_PREFIX_PATH': 'c:\\opt\\ros\\foxy\\x64\\;C:\\Windows\\System32\\install\\', 'CommandPromptType': 'Native', 'CommonProgramFiles': 'C:\\Program Files\\Common Files', 'CommonProgramFiles(x86)': 'C:\\Program Files (x86)\\Common Files', 'CommonProgramW6432': 'C:\\Program Files\\Common Files', 'COMPUTERNAME': 'LAPTOP-DGS5LQ74', 'ComSpec': 'C:\\WINDOWS\\system32\\cmd.exe', 'DevEnvDir': 'C:\\Program Files (x86)\\Microsoft Visual Studio\\2019\\Community\\Common7\\IDE\\', 'DriverData': 'C:\\Windows\\System32\\Drivers\\DriverData', 'ExtensionSdkDir': 'C:\\Program Files (x86)\\Microsoft SDKs\\Windows Kits\\10\\ExtensionSDKs', 'Framework40Version': 'v4.0', 'FrameworkDir': 'C:\\Windows\\Microsoft.NET\\Framework64\\', 'FrameworkDir64': 'C:\\Windows\\Microsoft.NET\\Framework64\\', 'FrameworkVersion': 'v4.0.30319', 'FrameworkVersion64': 'v4.0.30319', 'HOMEDRIVE': 'C:', 'HOMEPATH': '\\Users\\mimii', 'INCLUDE': 'C:\\Program Files (x86)\\Microsoft Visual Studio\\2019\\Community\\VC\\Tools\\MSVC\\14.29.30133\\ATLMFC\\include;C:\\Program Files (x86)\\Microsoft Visual Studio\\2019\\Community\\VC\\Tools\\MSVC\\14.29.30133\\include;C:\\Program Files (x86)\\Windows Kits\\NETFXSDK\\4.8\\include\\um;C:\\Program Files (x86)\\Windows Kits\\10\\include\\10.0.20348.0\\ucrt;C:\\Program Files (x86)\\Windows Kits\\10\\include\\10.0.20348.0\\shared;C:\\Program Files (x86)\\Windows Kits\\10\\include\\10.0.20348.0\\um;C:\\Program Files (x86)\\Windows Kits\\10\\include\\10.0.20348.0\\winrt;C:\\Program Files (x86)\\Windows Kits\\10\\include\\10.0.20348.0\\cppwinrt', 'LIB': 'C:\\Program Files (x86)\\Microsoft Visual Studio\\2019\\Community\\VC\\Tools\\MSVC\\14.29.30133\\ATLMFC\\lib\\x64;C:\\Program Files (x86)\\Microsoft Visual Studio\\2019\\Community\\VC\\Tools\\MSVC\\14.29.30133\\lib\\x64;C:\\Program Files (x86)\\Windows Kits\\NETFXSDK\\4.8\\lib\\um\\x64;C:\\Program Files (x86)\\Windows Kits\\10\\lib\\10.0.20348.0\\ucrt\\x64;C:\\Program Files (x86)\\Windows Kits\\10\\lib\\10.0.20348.0\\um\\x64', 'LIBPATH': 'C:\\Program Files (x86)\\Microsoft Visual Studio\\2019\\Community\\VC\\Tools\\MSVC\\14.29.30133\\ATLMFC\\lib\\x64;C:\\Program Files (x86)\\Microsoft Visual Studio\\2019\\Community\\VC\\Tools\\MSVC\\14.29.30133\\lib\\x64;C:\\Program Files (x86)\\Microsoft Visual Studio\\2019\\Community\\VC\\Tools\\MSVC\\14.29.30133\\lib\\x86\\store\\references;C:\\Program Files (x86)\\Windows Kits\\10\\UnionMetadata\\10.0.20348.0;C:\\Program Files (x86)\\Windows Kits\\10\\References\\10.0.20348.0;C:\\Windows\\Microsoft.NET\\Framework64\\v4.0.30319', 'LOCALAPPDATA': 'C:\\Users\\mimii\\AppData\\Local', 'LOGONSERVER': '\\\\LAPTOP-DGS5LQ74', 'NETFXSDKDir': 'C:\\Program Files (x86)\\Windows Kits\\NETFXSDK\\4.8\\', 'NUMBER_OF_PROCESSORS': '12', 'OneDrive': 'C:\\Users\\mimii\\OneDrive', 'OneDriveConsumer': 'C:\\Users\\mimii\\OneDrive', 'OS': 'Windows_NT', 'Path': 'c:\\opt\\ros\\foxy\\x64\\;c:\\opt\\ros\\foxy\\x64\\opt\\rviz_ogre_vendor\\bin;C:\\opt\\ros\\foxy\\x64\\tools\\vcpkg\\installed\\x64-windows\\bin;C:\\opt\\ros\\foxy\\x64\\tools\\vcpkg;c:\\opt\\ros\\foxy\\x64\\Scripts;c:\\opt\\ros\\foxy\\x64\\bin;C:\\Program Files (x86)\\Microsoft Visual Studio\\2019\\Community\\Common7\\IDE\\\\Extensions\\Microsoft\\IntelliCode\\CLI;C:\\Program Files (x86)\\Microsoft Visual Studio\\2019\\Community\\VC\\Tools\\MSVC\\14.29.30133\\bin\\HostX64\\x64;C:\\Program Files (x86)\\Microsoft Visual Studio\\2019\\Community\\Common7\\IDE\\VC\\VCPackages;C:\\Program Files (x86)\\Microsoft Visual Studio\\2019\\Community\\Common7\\IDE\\CommonExtensions\\Microsoft\\TestWindow;C:\\Program Files (x86)\\Microsoft Visual Studio\\2019\\Community\\Common7\\IDE\\CommonExtensions\\Microsoft\\TeamFoundation\\Team Explorer;C:\\Program Files (x86)\\Microsoft Visual Studio\\2019\\Community\\MSBuild\\Current\\bin\\Roslyn;C:\\Program Files (x86)\\Microsoft Visual Studio\\2019\\Community\\Team Tools\\Performance Tools\\x64;C:\\Program Files (x86)\\Microsoft Visual Studio\\2019\\Community\\Team Tools\\Performance Tools;C:\\Program Files (x86)\\Microsoft Visual Studio\\Shared\\Common\\VSPerfCollectionTools\\vs2019\\\\x64;C:\\Program Files (x86)\\Microsoft Visual Studio\\Shared\\Common\\VSPerfCollectionTools\\vs2019\\;C:\\Program Files (x86)\\Microsoft SDKs\\Windows\\v10.0A\\bin\\NETFX 4.8 Tools\\x64\\;C:\\Program Files (x86)\\Microsoft Visual Studio\\2019\\Community\\Common7\\Tools\\devinit;C:\\Program Files (x86)\\Windows Kits\\10\\bin\\10.0.20348.0\\x64;C:\\Program Files (x86)\\Windows Kits\\10\\bin\\x64;C:\\Program Files (x86)\\Microsoft Visual Studio\\2019\\Community\\\\MSBuild\\Current\\Bin;C:\\Windows\\Microsoft.NET\\Framework64\\v4.0.30319;C:\\Program Files (x86)\\Microsoft Visual Studio\\2019\\Community\\Common7\\IDE\\;C:\\Program Files (x86)\\Microsoft Visual Studio\\2019\\Community\\Common7\\Tools\\;C:\\Users\\mimii\\Desktop\\installsoftware\\bmptk\\tools;C:\\Windows\\system32;C:\\Windows;C:\\Windows\\System32\\Wbem;C:\\Windows\\System32\\WindowsPowerShell\\v1.0\\;C:\\Windows\\System32\\OpenSSH\\;C:\\Program Files (x86)\\NVIDIA Corporation\\PhysX\\Common;C:\\Program Files\\NVIDIA Corporation\\NVIDIA NvDLISR;C:\\TDM-GCC-32\\bin;C:\\WINDOWS\\system32;C:\\WINDOWS;C:\\WINDOWS\\System32\\Wbem;C:\\WINDOWS\\System32\\WindowsPowerShell\\v1.0\\;C:\\WINDOWS\\System32\\OpenSSH\\;C:\\ProgramData\\chocolatey\\bin;C:\\Program Files\\Git\\cmd;C:\\Program Files (x86)\\Windows Kits\\10\\Windows Performance Toolkit\\;C:\\Users\\mimii\\AppData\\Local\\Programs\\Python\\Python37\\Scripts\\;C:\\Users\\mimii\\AppData\\Local\\Programs\\Python\\Python37\\;C:\\Users\\mimii\\AppData\\Local\\Microsoft\\WindowsApps;C:\\Users\\mimii\\AppData\\Local\\GitHubDesktop\\bin;C:\\Program Files (x86)\\Microsoft Visual Studio\\2019\\Community\\Common7\\IDE\\CommonExtensions\\Microsoft\\CMake\\CMake\\bin;C:\\Program Files (x86)\\Microsoft Visual Studio\\2019\\Community\\Common7\\IDE\\CommonExtensions\\Microsoft\\CMake\\Ninja', 'PATHEXT': '.COM;.EXE;.BAT;.CMD;.VBS;.VBE;.JS;.JSE;.WSF;.WSH;.MSC', 'PKG_CONFIG_PATH': 'c:\\opt\\ros\\foxy\\x64\\lib\\pkgconfig', 'Platform': 'x64', 'PROCESSOR_ARCHITECTURE': 'AMD64', 'PROCESSOR_IDENTIFIER': 'Intel64 Family 6 Model 165 Stepping 2, GenuineIntel', 'PROCESSOR_LEVEL': '6', 'PROCESSOR_REVISION': 'a502', 'ProgramData': 'C:\\ProgramData', 'ProgramFiles': 'C:\\Program Files', 'ProgramFiles(x86)': 'C:\\Program Files (x86)', 'ProgramW6432': 'C:\\Program Files', 'PROMPT': '$P$G', 'PSModulePath': 'C:\\Program Files\\WindowsPowerShell\\Modules;C:\\WINDOWS\\system32\\WindowsPowerShell\\v1.0\\Modules', 'PUBLIC': 'C:\\Users\\Public', 'PYTHONPATH': 'c:\\opt\\ros\\foxy\\x64\\Lib\\site-packages', 'ROS_DISTRO': 'foxy', 'ROS_ETC_DIR': 'C:\\opt\\ros\\foxy\\x64\\etc\\ros', 'ROS_LOCALHOST_ONLY': '0', 'ROS_PYTHON_VERSION': '3', 'ROS_VERSION': '2', 'SDF_PATH': 'C:\\opt\\ros\\foxy\\x64\\share\\sdformat\\1.6', 'SystemDrive': 'C:', 'SystemRoot': 'C:\\WINDOWS', 'TEMP': 'C:\\Users\\mimii\\AppData\\Local\\Temp', 'TMP': 'C:\\Users\\mimii\\AppData\\Local\\Temp', 'UCRTVersion': '10.0.20348.0', 'UniversalCRTSdkDir': 'C:\\Program Files (x86)\\Windows Kits\\10\\', 'USERDOMAIN': 'LAPTOP-DGS5LQ74', 'USERDOMAIN_ROAMINGPROFILE': 'LAPTOP-DGS5LQ74', 'USERNAME': 'mimii', 'USERPROFILE': 'C:\\Users\\mimii', 'VBOX_MSI_INSTALL_PATH': 'C:\\Program Files\\Oracle\\VirtualBox\\', 'VCIDEInstallDir': 'C:\\Program Files (x86)\\Microsoft Visual Studio\\2019\\Community\\Common7\\IDE\\VC\\', 'VCINSTALLDIR': 'C:\\Program Files (x86)\\Microsoft Visual Studio\\2019\\Community\\VC\\', 'VCPKG_DEFAULT_TRIPLET': 'x64-windows', 'VCPKG_ROOT': 'C:\\opt\\ros\\foxy\\x64\\tools\\vcpkg', 'VCToolsInstallDir': 'C:\\Program Files (x86)\\Microsoft Visual Studio\\2019\\Community\\VC\\Tools\\MSVC\\14.29.30133\\', 'VCToolsRedistDir': 'C:\\Program Files (x86)\\Microsoft Visual Studio\\2019\\Community\\VC\\Redist\\MSVC\\14.29.30133\\', 'VCToolsVersion': '14.29.30133', 'VisualStudioVersion': '16.0', 'VS160COMNTOOLS': 'C:\\Program Files (x86)\\Microsoft Visual Studio\\2019\\Community\\Common7\\Tools\\', 'VSCMD_ARG_app_plat': 'Desktop', 'VSCMD_ARG_HOST_ARCH': 'x64', 'VSCMD_ARG_TGT_ARCH': 'x64', 'VSCMD_VER': '16.11.11', 'VSINSTALLDIR': 'C:\\Program Files (x86)\\Microsoft Visual Studio\\2019\\Community\\', 'windir': 'C:\\WINDOWS', 'WindowsLibPath': 'C:\\Program Files (x86)\\Windows Kits\\10\\UnionMetadata\\10.0.20348.0;C:\\Program Files (x86)\\Windows Kits\\10\\References\\10.0.20348.0', 'WindowsSdkBinPath': 'C:\\Program Files (x86)\\Windows Kits\\10\\bin\\', 'WindowsSdkDir': 'C:\\Program Files (x86)\\Windows Kits\\10\\', 'WindowsSDKLibVersion': '10.0.20348.0\\', 'WindowsSdkVerBinPath': 'C:\\Program Files (x86)\\Windows Kits\\10\\bin\\10.0.20348.0\\', 'WindowsSDKVersion': '10.0.20348.0\\', 'WindowsSDK_ExecutablePath_x64': 'C:\\Program Files (x86)\\Microsoft SDKs\\Windows\\v10.0A\\bin\\NETFX 4.8 Tools\\x64\\', 'WindowsSDK_ExecutablePath_x86': 'C:\\Program Files (x86)\\Microsoft SDKs\\Windows\\v10.0A\\bin\\NETFX 4.8 Tools\\', 'ZES_ENABLE_SYSMAN': '1', '__devinit_path': 'C:\\Program Files (x86)\\Microsoft Visual Studio\\2019\\Community\\Common7\\Tools\\devinit\\devinit.exe', '__DOTNET_ADD_64BIT': '1', '__DOTNET_PREFERRED_BITNESS': '64', '__VSCMD_PREINIT_PATH': 'C:\\Users\\mimii\\Desktop\\installsoftware\\bmptk\\tools;C:\\Windows\\system32;C:\\Windows;C:\\Windows\\System32\\Wbem;C:\\Windows\\System32\\WindowsPowerShell\\v1.0\\;C:\\Windows\\System32\\OpenSSH\\;C:\\Program Files (x86)\\NVIDIA Corporation\\PhysX\\Common;C:\\Program Files\\NVIDIA Corporation\\NVIDIA NvDLISR;C:\\TDM-GCC-32\\bin;C:\\WINDOWS\\system32;C:\\WINDOWS;C:\\WINDOWS\\System32\\Wbem;C:\\WINDOWS\\System32\\WindowsPowerShell\\v1.0\\;C:\\WINDOWS\\System32\\OpenSSH\\;C:\\ProgramData\\chocolatey\\bin;C:\\Program Files\\Git\\cmd;C:\\Program Files (x86)\\Windows Kits\\10\\Windows Performance Toolkit\\;C:\\Users\\mimii\\AppData\\Local\\Programs\\Python\\Python37\\Scripts\\;C:\\Users\\mimii\\AppData\\Local\\Programs\\Python\\Python37\\;C:\\Users\\mimii\\AppData\\Local\\Microsoft\\WindowsApps;C:\\Users\\mimii\\AppData\\Local\\GitHubDesktop\\bin', '__VSCMD_script_err_count': '0', 'CL': '/MP'}, 'shell': False}
[6.750000] (-) TimerEvent: {}
[6.859000] (-) TimerEvent: {}
[6.890000] (speech_ros2) StdoutLine: {'line': b'Microsoft (R) Build Engine version 16.11.2+f32259642 for .NET Framework\r\n'}
[6.890000] (speech_ros2) StdoutLine: {'line': b'Copyright (C) Microsoft Corporation. All rights reserved.\r\n'}
[6.890000] (speech_ros2) StdoutLine: {'line': b'\r\n'}
[6.968000] (-) TimerEvent: {}
[7.078000] (-) TimerEvent: {}
[7.187000] (-) TimerEvent: {}
[7.203000] (speech_ros2) StdoutLine: {'line': b'  Checking Build System\r\n'}
[7.296000] (-) TimerEvent: {}
[7.343000] (speech_ros2) StdoutLine: {'line': b'  Building Custom Rule C:/Users/mimii/Documents/GitHub/Speech/ros2/speech_ros2/CMakeLists.txt\r\n'}
[7.406000] (-) TimerEvent: {}
[7.484000] (speech_ros2) StdoutLine: {'line': b'  publisher_member_function.cpp\r\n'}
[7.515000] (-) TimerEvent: {}
[7.625000] (-) TimerEvent: {}
[7.734000] (-) TimerEvent: {}
[7.859000] (-) TimerEvent: {}
[7.968000] (-) TimerEvent: {}
[8.078000] (-) TimerEvent: {}
[8.187000] (-) TimerEvent: {}
[8.296000] (-) TimerEvent: {}
[8.406000] (-) TimerEvent: {}
[8.515000] (-) TimerEvent: {}
[8.609000] (speech_ros2) StdoutLine: {'line': b'C:\\Users\\mimii\\Documents\\GitHub\\Speech\\ros2\\speech_ros2\\src\\transcribe_api.hpp(10,16): warning C5208: unnamed class used in typedef name cannot declare members other than non-static data members, member enumerations, or member classes [C:\\Users\\mimii\\Documents\\GitHub\\Speech\\build\\speech_ros2\\talker.vcxproj]\r\n'}
[8.609000] (speech_ros2) StdoutLine: {'line': b'C:\\Users\\mimii\\Documents\\GitHub\\Speech\\ros2\\speech_ros2\\src\\pa_recorder.hpp(18,16): warning C5208: unnamed class used in typedef name cannot declare members other than non-static data members, member enumerations, or member classes [C:\\Users\\mimii\\Documents\\GitHub\\Speech\\build\\speech_ros2\\talker.vcxproj]\r\n'}
[8.609000] (speech_ros2) StdoutLine: {'line': b'C:\\Users\\mimii\\Documents\\GitHub\\Speech\\ros2\\speech_ros2\\src\\pa_recorder.hpp(34,16): warning C5208: unnamed class used in typedef name cannot declare members other than non-static data members, member enumerations, or member classes [C:\\Users\\mimii\\Documents\\GitHub\\Speech\\build\\speech_ros2\\talker.vcxproj]\r\n'}
[8.625000] (speech_ros2) StdoutLine: {'line': b"C:\\Users\\mimii\\Documents\\GitHub\\Speech\\ros2\\speech_ros2\\src\\pa_recorder.hpp(72,93): error C2065: 'recordCallback': undeclared identifier [C:\\Users\\mimii\\Documents\\GitHub\\Speech\\build\\speech_ros2\\talker.vcxproj]\r\n"}
[8.625000] (-) TimerEvent: {}
[8.625000] (speech_ros2) StdoutLine: {'line': b"C:\\Users\\mimii\\Documents\\GitHub\\Speech\\ros2\\speech_ros2\\src\\publisher_member_function.cpp(43,12): error C3646: 'handle': unknown override specifier [C:\\Users\\mimii\\Documents\\GitHub\\Speech\\build\\speech_ros2\\talker.vcxproj]\r\n"}
[8.625000] (speech_ros2) StdoutLine: {'line': b'C:\\Users\\mimii\\Documents\\GitHub\\Speech\\ros2\\speech_ros2\\src\\publisher_member_function.cpp(43,18): error C4430: missing type specifier - int assumed. Note: C++ does not support default-int [C:\\Users\\mimii\\Documents\\GitHub\\Speech\\build\\speech_ros2\\talker.vcxproj]\r\n'}
[8.625000] (speech_ros2) StdoutLine: {'line': b"C:\\Users\\mimii\\Documents\\GitHub\\Speech\\ros2\\speech_ros2\\src\\publisher_member_function.cpp(38,44): error C2065: 'handle': undeclared identifier [C:\\Users\\mimii\\Documents\\GitHub\\Speech\\build\\speech_ros2\\talker.vcxproj]\r\n"}
[8.625000] (speech_ros2) StdoutLine: {'line': b"C:\\Users\\mimii\\Documents\\GitHub\\Speech\\ros2\\speech_ros2\\src\\publisher_member_function.cpp(38,59): error C2065: 'handle': undeclared identifier [C:\\Users\\mimii\\Documents\\GitHub\\Speech\\build\\speech_ros2\\talker.vcxproj]\r\n"}
[8.625000] (speech_ros2) StdoutLine: {'line': b"C:\\Users\\mimii\\Documents\\GitHub\\Speech\\ros2\\speech_ros2\\src\\publisher_member_function.cpp(38,1): error C2660: 'transcribeAudio': function does not take 1 arguments [C:\\Users\\mimii\\Documents\\GitHub\\Speech\\build\\speech_ros2\\talker.vcxproj]\r\n"}
[8.625000] (speech_ros2) StdoutLine: {'line': b"C:\\Users\\mimii\\Documents\\GitHub\\Speech\\ros2\\speech_ros2\\src\\transcribe_api.hpp(53,13): message : see declaration of 'transcribeAudio' [C:\\Users\\mimii\\Documents\\GitHub\\Speech\\build\\speech_ros2\\talker.vcxproj]\r\n"}
[8.718000] (speech_ros2) CommandEnded: {'returncode': 1}
[8.734000] (-) TimerEvent: {}
[8.734000] (speech_ros2) JobEnded: {'identifier': 'speech_ros2', 'rc': 1}
[8.750000] (-) EventReactorShutdown: {}
