[0.141s] Invoking command in 'C:\Users\mimii\Documents\GitHub\Speech\build\speech_ros2': c:\opt\ros\foxy\x64\Scripts\cmake.EXE C:\Users\mimii\Documents\GitHub\Speech\ros2\speech_ros2 -DCMAKE_INSTALL_PREFIX=C:\Users\mimii\Documents\GitHub\Speech\install
[0.375s] -- Selecting Windows SDK version 10.0.20348.0 to target Windows 10.0.22000.
[0.438s] -- Found ament_cmake: 0.9.9 (C:/opt/ros/foxy/x64/share/ament_cmake/cmake)
[0.563s] -- Using PYTHON_EXECUTABLE: C:/opt/ros/foxy/x64/python.exe
[1.594s] -- Found rclcpp: 2.4.0 (C:/opt/ros/foxy/x64/share/rclcpp/cmake)
[1.750s] -- Using all available rosidl_typesupport_c: rosidl_typesupport_fastrtps_c;rosidl_typesupport_introspection_c
[1.781s] -- Found rosidl_adapter: 1.2.1 (C:/opt/ros/foxy/x64/share/rosidl_adapter/cmake)
[3.172s] -- Using all available rosidl_typesupport_cpp: rosidl_typesupport_fastrtps_cpp;rosidl_typesupport_introspection_cpp
[3.328s] -- Found rmw_implementation_cmake: 1.0.3 (C:/opt/ros/foxy/x64/share/rmw_implementation_cmake/cmake)
[3.328s] -- Using RMW implementation 'rmw_fastrtps_cpp' as default
[3.531s] -- Found std_msgs: 2.0.4 (C:/opt/ros/foxy/x64/share/std_msgs/cmake)
[3.766s] -- Configuring done
[3.984s] -- Generating done
[4.000s] -- Build files have been written to: C:/Users/mimii/Documents/GitHub/Speech/build/speech_ros2
[4.016s] Invoked command in 'C:\Users\mimii\Documents\GitHub\Speech\build\speech_ros2' returned '0': c:\opt\ros\foxy\x64\Scripts\cmake.EXE C:\Users\mimii\Documents\GitHub\Speech\ros2\speech_ros2 -DCMAKE_INSTALL_PREFIX=C:\Users\mimii\Documents\GitHub\Speech\install
[4.016s] Invoking command in 'C:\Users\mimii\Documents\GitHub\Speech\build\speech_ros2': CL=/MP c:\opt\ros\foxy\x64\Scripts\cmake.EXE --build C:\Users\mimii\Documents\GitHub\Speech\build\speech_ros2 --config Release
[4.297s] Microsoft (R) Build Engine version 16.11.2+f32259642 for .NET Framework
[4.297s] Copyright (C) Microsoft Corporation. All rights reserved.
[4.297s] 
[5.156s]   publisher_member_function.cpp
[6.813s] C:\Users\mimii\Documents\GitHub\Speech\ros2\speech_ros2\src\pa_recorder.hpp(18,16): warning C5208: unnamed class used in typedef name cannot declare members other than non-static data members, member enumerations, or member classes [C:\Users\mimii\Documents\GitHub\Speech\build\speech_ros2\talker.vcxproj]
[6.813s] C:\Users\mimii\Documents\GitHub\Speech\ros2\speech_ros2\src\pa_recorder.hpp(34,16): warning C5208: unnamed class used in typedef name cannot declare members other than non-static data members, member enumerations, or member classes [C:\Users\mimii\Documents\GitHub\Speech\build\speech_ros2\talker.vcxproj]
[9.422s]   talker.vcxproj -> C:\Users\mimii\Documents\GitHub\Speech\build\speech_ros2\Release\talker.exe
[9.500s] Invoked command in 'C:\Users\mimii\Documents\GitHub\Speech\build\speech_ros2' returned '0': CL=/MP c:\opt\ros\foxy\x64\Scripts\cmake.EXE --build C:\Users\mimii\Documents\GitHub\Speech\build\speech_ros2 --config Release
[9.688s] Invoking command in 'C:\Users\mimii\Documents\GitHub\Speech\build\speech_ros2': c:\opt\ros\foxy\x64\Scripts\cmake.EXE --install C:\Users\mimii\Documents\GitHub\Speech\build\speech_ros2 --config Release
[9.844s] -- Installing: C:/Users/mimii/Documents/GitHub/Speech/install/lib/speech_ros2/talker.exe
[9.844s] -- Up-to-date: C:/Users/mimii/Documents/GitHub/Speech/install/share/ament_index/resource_index/package_run_dependencies/speech_ros2
[9.844s] -- Up-to-date: C:/Users/mimii/Documents/GitHub/Speech/install/share/ament_index/resource_index/parent_prefix_path/speech_ros2
[9.844s] -- Up-to-date: C:/Users/mimii/Documents/GitHub/Speech/install/share/speech_ros2/environment/ament_prefix_path.bat
[9.844s] -- Installing: C:/Users/mimii/Documents/GitHub/Speech/install/share/speech_ros2/environment/ament_prefix_path.dsv
[9.859s] -- Up-to-date: C:/Users/mimii/Documents/GitHub/Speech/install/share/speech_ros2/environment/path.bat
[9.859s] -- Installing: C:/Users/mimii/Documents/GitHub/Speech/install/share/speech_ros2/environment/path.dsv
[9.859s] -- Up-to-date: C:/Users/mimii/Documents/GitHub/Speech/install/share/speech_ros2/local_setup.bat
[9.859s] -- Installing: C:/Users/mimii/Documents/GitHub/Speech/install/share/speech_ros2/local_setup.dsv
[9.859s] -- Installing: C:/Users/mimii/Documents/GitHub/Speech/install/share/speech_ros2/package.dsv
[9.859s] -- Up-to-date: C:/Users/mimii/Documents/GitHub/Speech/install/share/ament_index/resource_index/packages/speech_ros2
[9.859s] -- Up-to-date: C:/Users/mimii/Documents/GitHub/Speech/install/share/speech_ros2/cmake/speech_ros2Config.cmake
[9.859s] -- Up-to-date: C:/Users/mimii/Documents/GitHub/Speech/install/share/speech_ros2/cmake/speech_ros2Config-version.cmake
[9.859s] -- Up-to-date: C:/Users/mimii/Documents/GitHub/Speech/install/share/speech_ros2/package.xml
[9.891s] Invoked command in 'C:\Users\mimii\Documents\GitHub\Speech\build\speech_ros2' returned '0': c:\opt\ros\foxy\x64\Scripts\cmake.EXE --install C:\Users\mimii\Documents\GitHub\Speech\build\speech_ros2 --config Release
