-- Selecting Windows SDK version 10.0.20348.0 to target Windows 10.0.22000.
-- Found ament_cmake: 0.9.9 (C:/opt/ros/foxy/x64/share/ament_cmake/cmake)
-- Using PYTHON_EXECUTABLE: C:/opt/ros/foxy/x64/python.exe
-- Found rclcpp: 2.4.0 (C:/opt/ros/foxy/x64/share/rclcpp/cmake)
-- Using all available rosidl_typesupport_c: rosidl_typesupport_fastrtps_c;rosidl_typesupport_introspection_c
-- Found rosidl_adapter: 1.2.1 (C:/opt/ros/foxy/x64/share/rosidl_adapter/cmake)
-- Using all available rosidl_typesupport_cpp: rosidl_typesupport_fastrtps_cpp;rosidl_typesupport_introspection_cpp
-- Found rmw_implementation_cmake: 1.0.3 (C:/opt/ros/foxy/x64/share/rmw_implementation_cmake/cmake)
-- Using RMW implementation 'rmw_fastrtps_cpp' as default
-- Found std_msgs: 2.0.4 (C:/opt/ros/foxy/x64/share/std_msgs/cmake)
-- Configuring done
-- Generating done
-- Build files have been written to: C:/Users/mimii/Documents/GitHub/Speech/build/speech_ros2
Microsoft (R) Build Engine version 16.11.2+f32259642 for .NET Framework
Copyright (C) Microsoft Corporation. All rights reserved.

  publisher_member_function.cpp
C:\Users\mimii\Documents\GitHub\Speech\ros2\speech_ros2\src\transcribe_api.hpp(25,1): error C2819: type 'std::basic_string<char,std::char_traits<char>,std::allocator<char>>' does not have an overloaded member 'operator ->' [C:\Users\mimii\Documents\GitHub\Speech\build\speech_ros2\talker.vcxproj]
C:\Program Files (x86)\Microsoft Visual Studio\2019\Community\VC\Tools\MSVC\14.29.30133\include\xstring(4905): message : see declaration of 'std::basic_string<char,std::char_traits<char>,std::allocator<char>>' [C:\Users\mimii\Documents\GitHub\Speech\build\speech_ros2\talker.vcxproj]
C:\Users\mimii\Documents\GitHub\Speech\ros2\speech_ros2\src\transcribe_api.hpp(25,1): message : did you intend to use '.' instead? [C:\Users\mimii\Documents\GitHub\Speech\build\speech_ros2\talker.vcxproj]
C:\Users\mimii\Documents\GitHub\Speech\ros2\speech_ros2\src\transcribe_api.hpp(25,16): error C2039: 'issueTime': is not a member of 'std::basic_string<char,std::char_traits<char>,std::allocator<char>>' [C:\Users\mimii\Documents\GitHub\Speech\build\speech_ros2\talker.vcxproj]
C:\Program Files (x86)\Microsoft Visual Studio\2019\Community\VC\Tools\MSVC\14.29.30133\include\xstring(4905): message : see declaration of 'std::basic_string<char,std::char_traits<char>,std::allocator<char>>' [C:\Users\mimii\Documents\GitHub\Speech\build\speech_ros2\talker.vcxproj]
C:\Users\mimii\Documents\GitHub\Speech\ros2\speech_ros2\src\transcribe_api.hpp(33,55): error C2065: 'writeCallback': undeclared identifier [C:\Users\mimii\Documents\GitHub\Speech\build\speech_ros2\talker.vcxproj]
C:\Users\mimii\Documents\GitHub\Speech\ros2\speech_ros2\src\transcribe_api.hpp(59,1): error C2660: 'transcribe::checkToken': function does not take 1 arguments [C:\Users\mimii\Documents\GitHub\Speech\build\speech_ros2\talker.vcxproj]
C:\Users\mimii\Documents\GitHub\Speech\ros2\speech_ros2\src\transcribe_api.hpp(45,10): message : see declaration of 'transcribe::checkToken' [C:\Users\mimii\Documents\GitHub\Speech\build\speech_ros2\talker.vcxproj]
C:\Users\mimii\Documents\GitHub\Speech\ros2\speech_ros2\src\transcribe_api.hpp(67,55): error C2065: 'writeCallback': undeclared identifier [C:\Users\mimii\Documents\GitHub\Speech\build\speech_ros2\talker.vcxproj]
C:\Users\mimii\Documents\GitHub\Speech\ros2\speech_ros2\src\pa_recorder.hpp(18,16): warning C5208: unnamed class used in typedef name cannot declare members other than non-static data members, member enumerations, or member classes [C:\Users\mimii\Documents\GitHub\Speech\build\speech_ros2\talker.vcxproj]
C:\Users\mimii\Documents\GitHub\Speech\ros2\speech_ros2\src\pa_recorder.hpp(34,16): warning C5208: unnamed class used in typedef name cannot declare members other than non-static data members, member enumerations, or member classes [C:\Users\mimii\Documents\GitHub\Speech\build\speech_ros2\talker.vcxproj]
C:\Users\mimii\Documents\GitHub\Speech\ros2\speech_ros2\src\publisher_member_function.cpp(27): error C2102: '&' requires l-value [C:\Users\mimii\Documents\GitHub\Speech\build\speech_ros2\talker.vcxproj]
C:\Users\mimii\Documents\GitHub\Speech\ros2\speech_ros2\src\publisher_member_function.cpp(37,20): error C3861: 'transcribeAudio': identifier not found [C:\Users\mimii\Documents\GitHub\Speech\build\speech_ros2\talker.vcxproj]
