[0.079s] Invoking command in 'C:\Users\mimii\Documents\GitHub\Speech\build\speech_ros2': c:\opt\ros\foxy\x64\Scripts\cmake.EXE C:\Users\mimii\Documents\GitHub\Speech\ros2\speech_ros2 -DCMAKE_INSTALL_PREFIX=C:\Users\mimii\Documents\GitHub\Speech\install
[0.188s] -- Selecting Windows SDK version 10.0.20348.0 to target Windows 10.0.22000.
[0.219s] -- Found ament_cmake: 0.9.9 (C:/opt/ros/foxy/x64/share/ament_cmake/cmake)
[0.282s] -- Using PYTHON_EXECUTABLE: C:/opt/ros/foxy/x64/python.exe
[0.875s] -- Found rclcpp: 2.4.0 (C:/opt/ros/foxy/x64/share/rclcpp/cmake)
[0.985s] -- Using all available rosidl_typesupport_c: rosidl_typesupport_fastrtps_c;rosidl_typesupport_introspection_c
[1.000s] -- Found rosidl_adapter: 1.2.1 (C:/opt/ros/foxy/x64/share/rosidl_adapter/cmake)
[1.735s] -- Using all available rosidl_typesupport_cpp: rosidl_typesupport_fastrtps_cpp;rosidl_typesupport_introspection_cpp
[1.844s] -- Found rmw_implementation_cmake: 1.0.3 (C:/opt/ros/foxy/x64/share/rmw_implementation_cmake/cmake)
[1.844s] -- Using RMW implementation 'rmw_fastrtps_cpp' as default
[2.000s] -- Found std_msgs: 2.0.4 (C:/opt/ros/foxy/x64/share/std_msgs/cmake)
[2.204s] -- Configuring done
[2.375s] -- Generating done
[2.391s] -- Build files have been written to: C:/Users/mimii/Documents/GitHub/Speech/build/speech_ros2
[2.391s] Invoked command in 'C:\Users\mimii\Documents\GitHub\Speech\build\speech_ros2' returned '0': c:\opt\ros\foxy\x64\Scripts\cmake.EXE C:\Users\mimii\Documents\GitHub\Speech\ros2\speech_ros2 -DCMAKE_INSTALL_PREFIX=C:\Users\mimii\Documents\GitHub\Speech\install
[2.391s] Invoking command in 'C:\Users\mimii\Documents\GitHub\Speech\build\speech_ros2': CL=/MP c:\opt\ros\foxy\x64\Scripts\cmake.EXE --build C:\Users\mimii\Documents\GitHub\Speech\build\speech_ros2 --config Release
[2.579s] Microsoft (R) Build Engine version 16.11.2+f32259642 for .NET Framework
[2.579s] Copyright (C) Microsoft Corporation. All rights reserved.
[2.579s] 
[3.079s]   publisher_member_function.cpp
[4.250s] C:\Users\mimii\Documents\GitHub\Speech\ros2\speech_ros2\src\transcribe_api.hpp(10,16): warning C5208: unnamed class used in typedef name cannot declare members other than non-static data members, member enumerations, or member classes [C:\Users\mimii\Documents\GitHub\Speech\build\speech_ros2\talker.vcxproj]
[4.250s] C:\Users\mimii\Documents\GitHub\Speech\ros2\speech_ros2\src\pa_recorder.hpp(18,16): warning C5208: unnamed class used in typedef name cannot declare members other than non-static data members, member enumerations, or member classes [C:\Users\mimii\Documents\GitHub\Speech\build\speech_ros2\talker.vcxproj]
[4.250s] C:\Users\mimii\Documents\GitHub\Speech\ros2\speech_ros2\src\pa_recorder.hpp(34,16): warning C5208: unnamed class used in typedef name cannot declare members other than non-static data members, member enumerations, or member classes [C:\Users\mimii\Documents\GitHub\Speech\build\speech_ros2\talker.vcxproj]
[4.250s] C:\Users\mimii\Documents\GitHub\Speech\ros2\speech_ros2\src\publisher_member_function.cpp(24,54): error C2969: syntax error: '=': expected member function definition to end with '}' [C:\Users\mimii\Documents\GitHub\Speech\build\speech_ros2\talker.vcxproj]
[4.250s] C:\Users\mimii\Documents\GitHub\Speech\ros2\speech_ros2\src\publisher_member_function.cpp(24,68): error C2059: syntax error: ')' [C:\Users\mimii\Documents\GitHub\Speech\build\speech_ros2\talker.vcxproj]
[4.250s] C:\Users\mimii\Documents\GitHub\Speech\ros2\speech_ros2\src\publisher_member_function.cpp(24,70): error C2334: unexpected token(s) preceding '{'; skipping apparent function body [C:\Users\mimii\Documents\GitHub\Speech\build\speech_ros2\talker.vcxproj]
[4.250s] C:\Users\mimii\Documents\GitHub\Speech\ros2\speech_ros2\src\publisher_member_function.cpp(24,54): error C2059: syntax error: '=' [C:\Users\mimii\Documents\GitHub\Speech\build\speech_ros2\talker.vcxproj]
[4.485s] Invoked command in 'C:\Users\mimii\Documents\GitHub\Speech\build\speech_ros2' returned '1': CL=/MP c:\opt\ros\foxy\x64\Scripts\cmake.EXE --build C:\Users\mimii\Documents\GitHub\Speech\build\speech_ros2 --config Release
