[0.562s] DEBUG:colcon:Command line arguments: ['/usr/bin/colcon', 'build']
[0.562s] DEBUG:colcon:Parsed command line arguments: Namespace(allow_overriding=[], ament_cmake_args=None, base_paths=['.'], build_base='build', catkin_cmake_args=None, catkin_skip_building_tests=False, cmake_args=None, cmake_clean_cache=False, cmake_clean_first=False, cmake_force_configure=False, cmake_target=None, cmake_target_skip_unavailable=False, continue_on_error=False, event_handlers=None, executor='parallel', ignore_user_meta=False, install_base='install', log_base=None, log_level=None, main=<bound method BuildVerb.main of <colcon_core.verb.build.BuildVerb object at 0xffffb2a12d30>>, merge_install=False, metas=['./colcon.meta'], packages_above=None, packages_above_and_dependencies=None, packages_above_depth=None, packages_end=None, packages_ignore=None, packages_ignore_regex=None, packages_select=None, packages_select_build_failed=False, packages_select_by_dep=None, packages_select_regex=None, packages_select_test_failures=False, packages_skip=None, packages_skip_build_finished=False, packages_skip_by_dep=None, packages_skip_regex=None, packages_skip_test_passed=False, packages_skip_up_to=None, packages_start=None, packages_up_to=None, packages_up_to_regex=None, parallel_workers=3, paths=None, symlink_install=False, test_result_base=None, verb_extension=<colcon_core.verb.build.BuildVerb object at 0xffffb2a12d30>, verb_name='build', verb_parser=<colcon_defaults.argument_parser.defaults.DefaultArgumentsDecorator object at 0xffffb29a02e0>)
[0.661s] Level 1:colcon.colcon_core.package_discovery:discover_packages(colcon_meta) check parameters
[0.661s] Level 1:colcon.colcon_core.package_discovery:discover_packages(recursive) check parameters
[0.662s] Level 1:colcon.colcon_core.package_discovery:discover_packages(ignore) check parameters
[0.662s] Level 1:colcon.colcon_core.package_discovery:discover_packages(path) check parameters
[0.662s] Level 1:colcon.colcon_core.package_discovery:discover_packages(colcon_meta) discover
[0.662s] Level 1:colcon.colcon_core.package_discovery:discover_packages(recursive) discover
[0.662s] INFO:colcon.colcon_core.package_discovery:Crawling recursively for packages in '/home/ubuntu/Speech/zeeslag'
[0.663s] Level 1:colcon.colcon_core.package_identification:_identify(.) by extensions ['ignore', 'ignore_ament_install']
[0.663s] Level 1:colcon.colcon_core.package_identification:_identify(.) by extension 'ignore'
[0.663s] Level 1:colcon.colcon_core.package_identification:_identify(.) by extension 'ignore_ament_install'
[0.664s] Level 1:colcon.colcon_core.package_identification:_identify(.) by extensions ['colcon_pkg']
[0.664s] Level 1:colcon.colcon_core.package_identification:_identify(.) by extension 'colcon_pkg'
[0.664s] Level 1:colcon.colcon_core.package_identification:_identify(.) by extensions ['colcon_meta']
[0.664s] Level 1:colcon.colcon_core.package_identification:_identify(.) by extension 'colcon_meta'
[0.664s] Level 1:colcon.colcon_core.package_identification:_identify(.) by extensions ['ros']
[0.664s] Level 1:colcon.colcon_core.package_identification:_identify(.) by extension 'ros'
[0.714s] Level 1:colcon.colcon_core.package_identification:_identify(.) by extensions ['cmake', 'python']
[0.714s] Level 1:colcon.colcon_core.package_identification:_identify(.) by extension 'cmake'
[0.714s] Level 1:colcon.colcon_core.package_identification:_identify(.) by extension 'python'
[0.714s] Level 1:colcon.colcon_core.package_identification:_identify(.) by extensions ['python_setup_py']
[0.715s] Level 1:colcon.colcon_core.package_identification:_identify(.) by extension 'python_setup_py'
[0.715s] Level 1:colcon.colcon_core.package_identification:_identify(build) by extensions ['ignore', 'ignore_ament_install']
[0.715s] Level 1:colcon.colcon_core.package_identification:_identify(build) by extension 'ignore'
[0.716s] Level 1:colcon.colcon_core.package_identification:_identify(build) ignored
[0.716s] Level 1:colcon.colcon_core.package_identification:_identify(install) by extensions ['ignore', 'ignore_ament_install']
[0.716s] Level 1:colcon.colcon_core.package_identification:_identify(install) by extension 'ignore'
[0.717s] Level 1:colcon.colcon_core.package_identification:_identify(install) ignored
[0.717s] Level 1:colcon.colcon_core.package_identification:_identify(log) by extensions ['ignore', 'ignore_ament_install']
[0.718s] Level 1:colcon.colcon_core.package_identification:_identify(log) by extension 'ignore'
[0.718s] Level 1:colcon.colcon_core.package_identification:_identify(log) ignored
[0.718s] Level 1:colcon.colcon_core.package_identification:_identify(zeeslag) by extensions ['ignore', 'ignore_ament_install']
[0.718s] Level 1:colcon.colcon_core.package_identification:_identify(zeeslag) by extension 'ignore'
[0.719s] Level 1:colcon.colcon_core.package_identification:_identify(zeeslag) by extension 'ignore_ament_install'
[0.719s] Level 1:colcon.colcon_core.package_identification:_identify(zeeslag) by extensions ['colcon_pkg']
[0.719s] Level 1:colcon.colcon_core.package_identification:_identify(zeeslag) by extension 'colcon_pkg'
[0.719s] Level 1:colcon.colcon_core.package_identification:_identify(zeeslag) by extensions ['colcon_meta']
[0.719s] Level 1:colcon.colcon_core.package_identification:_identify(zeeslag) by extension 'colcon_meta'
[0.720s] Level 1:colcon.colcon_core.package_identification:_identify(zeeslag) by extensions ['ros']
[0.720s] Level 1:colcon.colcon_core.package_identification:_identify(zeeslag) by extension 'ros'
[0.728s] DEBUG:colcon.colcon_core.package_identification:Package 'zeeslag' with type 'ros.ament_cmake' and name 'zeeslag'
[0.728s] Level 1:colcon.colcon_core.package_discovery:discover_packages(recursive) using defaults
[0.729s] Level 1:colcon.colcon_core.package_discovery:discover_packages(ignore) discover
[0.729s] Level 1:colcon.colcon_core.package_discovery:discover_packages(ignore) using defaults
[0.729s] Level 1:colcon.colcon_core.package_discovery:discover_packages(path) discover
[0.729s] Level 1:colcon.colcon_core.package_discovery:discover_packages(path) using defaults
[0.796s] Level 1:colcon.colcon_core.package_discovery:discover_packages(prefix_path) check parameters
[0.797s] Level 1:colcon.colcon_core.package_discovery:discover_packages(prefix_path) discover
[0.802s] WARNING:colcon.colcon_ros.prefix_path.ament:The path '/home/ubuntu/Speech/zeeslag/install/zeeslag' in the environment variable AMENT_PREFIX_PATH doesn't exist
[0.803s] WARNING:colcon.colcon_ros.prefix_path.ament:The path '/home/ubuntu/Speech/zeeslag/install/listener' in the environment variable AMENT_PREFIX_PATH doesn't exist
[0.803s] WARNING:colcon.colcon_ros.prefix_path.catkin:The path '/home/ubuntu/Speech/zeeslag/install/zeeslag' in the environment variable CMAKE_PREFIX_PATH doesn't exist
[0.803s] WARNING:colcon.colcon_ros.prefix_path.catkin:The path '/home/ubuntu/Speech/zeeslag/install/listener' in the environment variable CMAKE_PREFIX_PATH doesn't exist
[0.807s] DEBUG:colcon.colcon_installed_package_information.package_discovery:Found 0 installed packages in /home/ubuntu/Speech/zeeslag/install
[0.852s] DEBUG:colcon.colcon_installed_package_information.package_discovery:Found 306 installed packages in /home/ubuntu/ros2_foxy/ros2-linux
[0.861s] Level 1:colcon.colcon_core.package_discovery:discover_packages(prefix_path) using defaults
[1.008s] Level 5:colcon.colcon_core.verb:set package 'zeeslag' build argument 'cmake_args' from command line to 'None'
[1.009s] Level 5:colcon.colcon_core.verb:set package 'zeeslag' build argument 'cmake_target' from command line to 'None'
[1.009s] Level 5:colcon.colcon_core.verb:set package 'zeeslag' build argument 'cmake_target_skip_unavailable' from command line to 'False'
[1.009s] Level 5:colcon.colcon_core.verb:set package 'zeeslag' build argument 'cmake_clean_cache' from command line to 'False'
[1.009s] Level 5:colcon.colcon_core.verb:set package 'zeeslag' build argument 'cmake_clean_first' from command line to 'False'
[1.009s] Level 5:colcon.colcon_core.verb:set package 'zeeslag' build argument 'cmake_force_configure' from command line to 'False'
[1.009s] Level 5:colcon.colcon_core.verb:set package 'zeeslag' build argument 'ament_cmake_args' from command line to 'None'
[1.009s] Level 5:colcon.colcon_core.verb:set package 'zeeslag' build argument 'catkin_cmake_args' from command line to 'None'
[1.009s] Level 5:colcon.colcon_core.verb:set package 'zeeslag' build argument 'catkin_skip_building_tests' from command line to 'False'
[1.010s] DEBUG:colcon.colcon_core.verb:Building package 'zeeslag' with the following arguments: {'ament_cmake_args': None, 'build_base': '/home/ubuntu/Speech/zeeslag/build/zeeslag', 'catkin_cmake_args': None, 'catkin_skip_building_tests': False, 'cmake_args': None, 'cmake_clean_cache': False, 'cmake_clean_first': False, 'cmake_force_configure': False, 'cmake_target': None, 'cmake_target_skip_unavailable': False, 'install_base': '/home/ubuntu/Speech/zeeslag/install/zeeslag', 'merge_install': False, 'path': '/home/ubuntu/Speech/zeeslag/zeeslag', 'symlink_install': False, 'test_result_base': None}
[1.011s] INFO:colcon.colcon_core.executor:Executing jobs using 'parallel' executor
[1.018s] DEBUG:colcon.colcon_parallel_executor.executor.parallel:run_until_complete
[1.019s] INFO:colcon.colcon_ros.task.ament_cmake.build:Building ROS package in '/home/ubuntu/Speech/zeeslag/zeeslag' with build type 'ament_cmake'
[1.020s] INFO:colcon.colcon_cmake.task.cmake.build:Building CMake package in '/home/ubuntu/Speech/zeeslag/zeeslag'
[1.034s] INFO:colcon.colcon_core.plugin_system:Skipping extension 'colcon_core.shell.bat': Not used on non-Windows systems
[1.035s] INFO:colcon.colcon_core.shell:Skip shell extension 'powershell' for command environment: Not usable outside of PowerShell
[1.035s] DEBUG:colcon.colcon_core.shell:Skip shell extension 'dsv' for command environment
[1.108s] DEBUG:colcon.colcon_core.event_handler.log_command:Invoking command in '/home/ubuntu/Speech/zeeslag/build/zeeslag': /usr/bin/cmake /home/ubuntu/Speech/zeeslag/zeeslag -DCMAKE_INSTALL_PREFIX=/home/ubuntu/Speech/zeeslag/install/zeeslag
[4.674s] DEBUG:colcon.colcon_core.event_handler.log_command:Invoked command in '/home/ubuntu/Speech/zeeslag/build/zeeslag' returned '0': /usr/bin/cmake /home/ubuntu/Speech/zeeslag/zeeslag -DCMAKE_INSTALL_PREFIX=/home/ubuntu/Speech/zeeslag/install/zeeslag
[4.685s] DEBUG:colcon.colcon_core.event_handler.log_command:Invoking command in '/home/ubuntu/Speech/zeeslag/build/zeeslag': /usr/bin/cmake --build /home/ubuntu/Speech/zeeslag/build/zeeslag -- -j3 -l3
[5.252s] DEBUG:colcon.colcon_core.event_handler.log_command:Invoked command in '/home/ubuntu/Speech/zeeslag/build/zeeslag' returned '0': /usr/bin/cmake --build /home/ubuntu/Speech/zeeslag/build/zeeslag -- -j3 -l3
[5.416s] DEBUG:colcon.colcon_core.event_handler.log_command:Invoking command in '/home/ubuntu/Speech/zeeslag/build/zeeslag': /usr/bin/cmake --install /home/ubuntu/Speech/zeeslag/build/zeeslag
[5.473s] Level 1:colcon.colcon_core.environment:create_environment_scripts_only(zeeslag)
[5.475s] DEBUG:colcon.colcon_core.event_handler.log_command:Invoked command in '/home/ubuntu/Speech/zeeslag/build/zeeslag' returned '0': /usr/bin/cmake --install /home/ubuntu/Speech/zeeslag/build/zeeslag
[5.491s] Level 1:colcon.colcon_core.environment:checking '/home/ubuntu/Speech/zeeslag/install/zeeslag' for CMake module files
[5.494s] Level 1:colcon.colcon_core.environment:checking '/home/ubuntu/Speech/zeeslag/install/zeeslag' for CMake config files
[5.495s] Level 1:colcon.colcon_core.shell:create_environment_hook('zeeslag', 'cmake_prefix_path')
[5.497s] INFO:colcon.colcon_core.shell:Creating environment hook '/home/ubuntu/Speech/zeeslag/install/zeeslag/share/zeeslag/hook/cmake_prefix_path.ps1'
[5.500s] INFO:colcon.colcon_core.shell:Creating environment descriptor '/home/ubuntu/Speech/zeeslag/install/zeeslag/share/zeeslag/hook/cmake_prefix_path.dsv'
[5.502s] INFO:colcon.colcon_core.shell:Creating environment hook '/home/ubuntu/Speech/zeeslag/install/zeeslag/share/zeeslag/hook/cmake_prefix_path.sh'
[5.506s] Level 1:colcon.colcon_core.environment:checking '/home/ubuntu/Speech/zeeslag/install/zeeslag/lib'
[5.506s] Level 1:colcon.colcon_core.environment:checking '/home/ubuntu/Speech/zeeslag/install/zeeslag/bin'
[5.507s] Level 1:colcon.colcon_core.environment:checking '/home/ubuntu/Speech/zeeslag/install/zeeslag/lib/pkgconfig/zeeslag.pc'
[5.510s] Level 1:colcon.colcon_core.environment:checking '/home/ubuntu/Speech/zeeslag/install/zeeslag/lib/python3.8/site-packages'
[5.511s] Level 1:colcon.colcon_core.environment:checking '/home/ubuntu/Speech/zeeslag/install/zeeslag/bin'
[5.513s] INFO:colcon.colcon_core.shell:Creating package script '/home/ubuntu/Speech/zeeslag/install/zeeslag/share/zeeslag/package.ps1'
[5.516s] INFO:colcon.colcon_core.shell:Creating package descriptor '/home/ubuntu/Speech/zeeslag/install/zeeslag/share/zeeslag/package.dsv'
[5.518s] INFO:colcon.colcon_core.shell:Creating package script '/home/ubuntu/Speech/zeeslag/install/zeeslag/share/zeeslag/package.sh'
[5.521s] INFO:colcon.colcon_core.shell:Creating package script '/home/ubuntu/Speech/zeeslag/install/zeeslag/share/zeeslag/package.bash'
[5.524s] INFO:colcon.colcon_core.shell:Creating package script '/home/ubuntu/Speech/zeeslag/install/zeeslag/share/zeeslag/package.zsh'
[5.526s] Level 1:colcon.colcon_core.environment:create_file_with_runtime_dependencies(/home/ubuntu/Speech/zeeslag/install/zeeslag/share/colcon-core/packages/zeeslag)
[5.634s] Level 1:colcon.colcon_core.environment:create_environment_scripts_only(zeeslag)
[5.639s] Level 1:colcon.colcon_core.environment:checking '/home/ubuntu/Speech/zeeslag/install/zeeslag' for CMake module files
[5.643s] Level 1:colcon.colcon_core.environment:checking '/home/ubuntu/Speech/zeeslag/install/zeeslag' for CMake config files
[5.645s] Level 1:colcon.colcon_core.shell:create_environment_hook('zeeslag', 'cmake_prefix_path')
[5.647s] INFO:colcon.colcon_core.shell:Creating environment hook '/home/ubuntu/Speech/zeeslag/install/zeeslag/share/zeeslag/hook/cmake_prefix_path.ps1'
[5.649s] INFO:colcon.colcon_core.shell:Creating environment descriptor '/home/ubuntu/Speech/zeeslag/install/zeeslag/share/zeeslag/hook/cmake_prefix_path.dsv'
[5.651s] INFO:colcon.colcon_core.shell:Creating environment hook '/home/ubuntu/Speech/zeeslag/install/zeeslag/share/zeeslag/hook/cmake_prefix_path.sh'
[5.653s] Level 1:colcon.colcon_core.environment:checking '/home/ubuntu/Speech/zeeslag/install/zeeslag/lib'
[5.653s] Level 1:colcon.colcon_core.environment:checking '/home/ubuntu/Speech/zeeslag/install/zeeslag/bin'
[5.654s] Level 1:colcon.colcon_core.environment:checking '/home/ubuntu/Speech/zeeslag/install/zeeslag/lib/pkgconfig/zeeslag.pc'
[5.655s] Level 1:colcon.colcon_core.environment:checking '/home/ubuntu/Speech/zeeslag/install/zeeslag/lib/python3.8/site-packages'
[5.655s] Level 1:colcon.colcon_core.environment:checking '/home/ubuntu/Speech/zeeslag/install/zeeslag/bin'
[5.658s] INFO:colcon.colcon_core.shell:Creating package script '/home/ubuntu/Speech/zeeslag/install/zeeslag/share/zeeslag/package.ps1'
[5.660s] INFO:colcon.colcon_core.shell:Creating package descriptor '/home/ubuntu/Speech/zeeslag/install/zeeslag/share/zeeslag/package.dsv'
[5.662s] INFO:colcon.colcon_core.shell:Creating package script '/home/ubuntu/Speech/zeeslag/install/zeeslag/share/zeeslag/package.sh'
[5.664s] INFO:colcon.colcon_core.shell:Creating package script '/home/ubuntu/Speech/zeeslag/install/zeeslag/share/zeeslag/package.bash'
[5.666s] INFO:colcon.colcon_core.shell:Creating package script '/home/ubuntu/Speech/zeeslag/install/zeeslag/share/zeeslag/package.zsh'
[5.668s] Level 1:colcon.colcon_core.environment:create_file_with_runtime_dependencies(/home/ubuntu/Speech/zeeslag/install/zeeslag/share/colcon-core/packages/zeeslag)
[5.669s] DEBUG:colcon.colcon_parallel_executor.executor.parallel:closing loop
[5.670s] DEBUG:colcon.colcon_parallel_executor.executor.parallel:loop closed
[5.670s] DEBUG:colcon.colcon_parallel_executor.executor.parallel:run_until_complete finished with '0'
[5.671s] DEBUG:colcon.colcon_core.event_reactor:joining thread
[5.694s] INFO:colcon.colcon_core.plugin_system:Skipping extension 'colcon_notification.desktop_notification.notify_send': Could not find 'notify-send'
[5.694s] INFO:colcon.colcon_core.plugin_system:Skipping extension 'colcon_notification.desktop_notification.terminal_notifier': Not used on non-Darwin systems
[5.694s] INFO:colcon.colcon_core.plugin_system:Skipping extension 'colcon_notification.desktop_notification.win32': Not used on non-Windows systems
[5.694s] INFO:colcon.colcon_notification.desktop_notification:Sending desktop notification using 'notify2'
[5.697s] DEBUG:colcon.colcon_notification.desktop_notification.notify2:Failed to initialize notify2: org.freedesktop.DBus.Error.ServiceUnknown: The name org.freedesktop.Notifications was not provided by any .service files
[5.698s] DEBUG:colcon.colcon_core.event_reactor:joined thread
[5.700s] INFO:colcon.colcon_core.shell:Creating prefix script '/home/ubuntu/Speech/zeeslag/install/local_setup.ps1'
[5.703s] INFO:colcon.colcon_core.shell:Creating prefix util module '/home/ubuntu/Speech/zeeslag/install/_local_setup_util_ps1.py'
[5.708s] INFO:colcon.colcon_core.shell:Creating prefix chain script '/home/ubuntu/Speech/zeeslag/install/setup.ps1'
[5.713s] INFO:colcon.colcon_core.shell:Creating prefix script '/home/ubuntu/Speech/zeeslag/install/local_setup.sh'
[5.715s] INFO:colcon.colcon_core.shell:Creating prefix util module '/home/ubuntu/Speech/zeeslag/install/_local_setup_util_sh.py'
[5.717s] INFO:colcon.colcon_core.shell:Creating prefix chain script '/home/ubuntu/Speech/zeeslag/install/setup.sh'
[5.723s] INFO:colcon.colcon_core.shell:Creating prefix script '/home/ubuntu/Speech/zeeslag/install/local_setup.bash'
[5.724s] INFO:colcon.colcon_core.shell:Creating prefix chain script '/home/ubuntu/Speech/zeeslag/install/setup.bash'
[5.729s] INFO:colcon.colcon_core.shell:Creating prefix script '/home/ubuntu/Speech/zeeslag/install/local_setup.zsh'
[5.731s] INFO:colcon.colcon_core.shell:Creating prefix chain script '/home/ubuntu/Speech/zeeslag/install/setup.zsh'
