-- The C compiler identification is GNU 9.4.0
-- The CXX compiler identification is GNU 9.4.0
-- Check for working C compiler: /usr/bin/cc
-- Check for working C compiler: /usr/bin/cc -- works
-- Detecting C compiler ABI info
-- Detecting C compiler ABI info - done
-- Detecting C compile features
-- Detecting C compile features - done
-- Check for working CXX compiler: /usr/bin/c++
-- Check for working CXX compiler: /usr/bin/c++ -- works
-- Detecting CXX compiler ABI info
-- Detecting CXX compiler ABI info - done
-- Detecting CXX compile features
-- Detecting CXX compile features - done
-- Found ament_cmake: 0.9.9 (/home/ubuntu/ros2_foxy/ros2-linux/share/ament_cmake/cmake)
-- Found PythonInterp: /usr/bin/python3 (found suitable version "3.8.10", minimum required is "3") 
-- Using PYTHON_EXECUTABLE: /usr/bin/python3
-- Found ament_lint_auto: 0.9.6 (/home/ubuntu/ros2_foxy/ros2-linux/share/ament_lint_auto/cmake)
-- Added test 'copyright' to check source files copyright and LICENSE
-- Added test 'cppcheck' to perform static code analysis on C / C++ code
-- Configured cppcheck include dirs: $<BUILD_INTERFACE:/home/ubuntu/Speech/zeeslag/zeeslag/include>
-- Configured cppcheck exclude dirs and/or files: 
-- Added test 'cpplint' to check C / C++ code against the Google style
-- Configured cpplint exclude dirs and/or files: 
-- Added test 'lint_cmake' to check CMake code style
-- Added test 'uncrustify' to check C / C++ code style
-- Configured uncrustify additional arguments: 
-- Added test 'xmllint' to check XML markup files
-- Configuring done
-- Generating done
-- Build files have been written to: /home/ubuntu/Speech/zeeslag/build/zeeslag
[35m[1mScanning dependencies of target listener[0m
[ 50%] [32mBuilding CXX object CMakeFiles/listener.dir/src/listener.cpp.o[0m
[100%] [32m[1mLinking CXX executable listener[0m
[100%] Built target listener
-- Install configuration: ""
-- Installing: /home/ubuntu/Speech/zeeslag/install/zeeslag/lib/zeeslag/listener
-- Installing: /home/ubuntu/Speech/zeeslag/install/zeeslag/share/ament_index/resource_index/package_run_dependencies/zeeslag
-- Installing: /home/ubuntu/Speech/zeeslag/install/zeeslag/share/ament_index/resource_index/parent_prefix_path/zeeslag
-- Installing: /home/ubuntu/Speech/zeeslag/install/zeeslag/share/zeeslag/environment/ament_prefix_path.sh
-- Installing: /home/ubuntu/Speech/zeeslag/install/zeeslag/share/zeeslag/environment/ament_prefix_path.dsv
-- Installing: /home/ubuntu/Speech/zeeslag/install/zeeslag/share/zeeslag/environment/path.sh
-- Installing: /home/ubuntu/Speech/zeeslag/install/zeeslag/share/zeeslag/environment/path.dsv
-- Installing: /home/ubuntu/Speech/zeeslag/install/zeeslag/share/zeeslag/local_setup.bash
-- Installing: /home/ubuntu/Speech/zeeslag/install/zeeslag/share/zeeslag/local_setup.sh
-- Installing: /home/ubuntu/Speech/zeeslag/install/zeeslag/share/zeeslag/local_setup.zsh
-- Installing: /home/ubuntu/Speech/zeeslag/install/zeeslag/share/zeeslag/local_setup.dsv
-- Installing: /home/ubuntu/Speech/zeeslag/install/zeeslag/share/zeeslag/package.dsv
-- Installing: /home/ubuntu/Speech/zeeslag/install/zeeslag/share/ament_index/resource_index/packages/zeeslag
-- Installing: /home/ubuntu/Speech/zeeslag/install/zeeslag/share/zeeslag/cmake/zeeslagConfig.cmake
-- Installing: /home/ubuntu/Speech/zeeslag/install/zeeslag/share/zeeslag/cmake/zeeslagConfig-version.cmake
-- Installing: /home/ubuntu/Speech/zeeslag/install/zeeslag/share/zeeslag/package.xml
