[0.062s] Invoking command in 'C:\Users\mimii\Documents\GitHub\Speech\build\speech_ros2': c:\opt\ros\foxy\x64\Scripts\cmake.EXE C:\Users\mimii\Documents\GitHub\Speech\ros2\speech_ros2 -DCMAKE_INSTALL_PREFIX=C:\Users\mimii\Documents\GitHub\Speech\install
[0.156s] -- Selecting Windows SDK version 10.0.20348.0 to target Windows 10.0.22000.
[0.187s] -- Found ament_cmake: 0.9.9 (C:/opt/ros/foxy/x64/share/ament_cmake/cmake)
[0.250s] -- Using PYTHON_EXECUTABLE: C:/opt/ros/foxy/x64/python.exe
[0.828s] -- Found rclcpp: 2.4.0 (C:/opt/ros/foxy/x64/share/rclcpp/cmake)
[0.937s] -- Using all available rosidl_typesupport_c: rosidl_typesupport_fastrtps_c;rosidl_typesupport_introspection_c
[0.953s] -- Found rosidl_adapter: 1.2.1 (C:/opt/ros/foxy/x64/share/rosidl_adapter/cmake)
[1.734s] -- Using all available rosidl_typesupport_cpp: rosidl_typesupport_fastrtps_cpp;rosidl_typesupport_introspection_cpp
[1.843s] -- Found rmw_implementation_cmake: 1.0.3 (C:/opt/ros/foxy/x64/share/rmw_implementation_cmake/cmake)
[1.843s] -- Using RMW implementation 'rmw_fastrtps_cpp' as default
[2.000s] -- Found std_msgs: 2.0.4 (C:/opt/ros/foxy/x64/share/std_msgs/cmake)
[2.187s] -- Configuring done
[2.359s] -- Generating done
[2.359s] -- Build files have been written to: C:/Users/mimii/Documents/GitHub/Speech/build/speech_ros2
[2.375s] Invoked command in 'C:\Users\mimii\Documents\GitHub\Speech\build\speech_ros2' returned '0': c:\opt\ros\foxy\x64\Scripts\cmake.EXE C:\Users\mimii\Documents\GitHub\Speech\ros2\speech_ros2 -DCMAKE_INSTALL_PREFIX=C:\Users\mimii\Documents\GitHub\Speech\install
[2.375s] Invoking command in 'C:\Users\mimii\Documents\GitHub\Speech\build\speech_ros2': CL=/MP c:\opt\ros\foxy\x64\Scripts\cmake.EXE --build C:\Users\mimii\Documents\GitHub\Speech\build\speech_ros2 --config Release
[2.562s] Microsoft (R) Build Engine version 16.11.2+f32259642 for .NET Framework
[2.562s] Copyright (C) Microsoft Corporation. All rights reserved.
[2.562s] 
[3.078s]   publisher_member_function.cpp
[4.203s] C:\Users\mimii\Documents\GitHub\Speech\ros2\speech_ros2\src\transcribe_api.hpp(10,16): warning C5208: unnamed class used in typedef name cannot declare members other than non-static data members, member enumerations, or member classes [C:\Users\mimii\Documents\GitHub\Speech\build\speech_ros2\talker.vcxproj]
[4.203s] C:\Users\mimii\Documents\GitHub\Speech\ros2\speech_ros2\src\pa_recorder.hpp(18,16): warning C5208: unnamed class used in typedef name cannot declare members other than non-static data members, member enumerations, or member classes [C:\Users\mimii\Documents\GitHub\Speech\build\speech_ros2\talker.vcxproj]
[4.203s] C:\Users\mimii\Documents\GitHub\Speech\ros2\speech_ros2\src\pa_recorder.hpp(34,16): warning C5208: unnamed class used in typedef name cannot declare members other than non-static data members, member enumerations, or member classes [C:\Users\mimii\Documents\GitHub\Speech\build\speech_ros2\talker.vcxproj]
[5.921s]   talker.vcxproj -> C:\Users\mimii\Documents\GitHub\Speech\build\speech_ros2\Release\talker.exe
[5.968s] Invoked command in 'C:\Users\mimii\Documents\GitHub\Speech\build\speech_ros2' returned '0': CL=/MP c:\opt\ros\foxy\x64\Scripts\cmake.EXE --build C:\Users\mimii\Documents\GitHub\Speech\build\speech_ros2 --config Release
[6.078s] Invoking command in 'C:\Users\mimii\Documents\GitHub\Speech\build\speech_ros2': c:\opt\ros\foxy\x64\Scripts\cmake.EXE --install C:\Users\mimii\Documents\GitHub\Speech\build\speech_ros2 --config Release
[6.171s] -- Installing: C:/Users/mimii/Documents/GitHub/Speech/install/lib/speech_ros2/talker.exe
[6.171s] -- Up-to-date: C:/Users/mimii/Documents/GitHub/Speech/install/share/ament_index/resource_index/package_run_dependencies/speech_ros2
[6.171s] -- Up-to-date: C:/Users/mimii/Documents/GitHub/Speech/install/share/ament_index/resource_index/parent_prefix_path/speech_ros2
[6.171s] -- Up-to-date: C:/Users/mimii/Documents/GitHub/Speech/install/share/speech_ros2/environment/ament_prefix_path.bat
[6.171s] -- Installing: C:/Users/mimii/Documents/GitHub/Speech/install/share/speech_ros2/environment/ament_prefix_path.dsv
[6.171s] -- Up-to-date: C:/Users/mimii/Documents/GitHub/Speech/install/share/speech_ros2/environment/path.bat
[6.171s] -- Installing: C:/Users/mimii/Documents/GitHub/Speech/install/share/speech_ros2/environment/path.dsv
[6.171s] -- Up-to-date: C:/Users/mimii/Documents/GitHub/Speech/install/share/speech_ros2/local_setup.bat
[6.187s] -- Installing: C:/Users/mimii/Documents/GitHub/Speech/install/share/speech_ros2/local_setup.dsv
[6.187s] -- Installing: C:/Users/mimii/Documents/GitHub/Speech/install/share/speech_ros2/package.dsv
[6.187s] -- Up-to-date: C:/Users/mimii/Documents/GitHub/Speech/install/share/ament_index/resource_index/packages/speech_ros2
[6.187s] -- Up-to-date: C:/Users/mimii/Documents/GitHub/Speech/install/share/speech_ros2/cmake/speech_ros2Config.cmake
[6.187s] -- Up-to-date: C:/Users/mimii/Documents/GitHub/Speech/install/share/speech_ros2/cmake/speech_ros2Config-version.cmake
[6.187s] -- Up-to-date: C:/Users/mimii/Documents/GitHub/Speech/install/share/speech_ros2/package.xml
[6.203s] Invoked command in 'C:\Users\mimii\Documents\GitHub\Speech\build\speech_ros2' returned '0': c:\opt\ros\foxy\x64\Scripts\cmake.EXE --install C:\Users\mimii\Documents\GitHub\Speech\build\speech_ros2 --config Release
