[0.095s] Invoking command in '/home/ubuntu/Speech/zeeslag/build/zeeslag': /usr/bin/cmake --build /home/ubuntu/Speech/zeeslag/build/zeeslag -- -j3 -l3
[0.288s] [35m[1mScanning dependencies of target matrixrelay[0m
[0.432s] [ 50%] [32mBuilding CXX object CMakeFiles/matrixrelay.dir/src/matrixrelay.cpp.o[0m
[19.792s] [100%] [32m[1mLinking CXX executable matrixrelay[0m
[20.863s] [100%] Built target matrixrelay
[20.903s] Invoked command in '/home/ubuntu/Speech/zeeslag/build/zeeslag' returned '0': /usr/bin/cmake --build /home/ubuntu/Speech/zeeslag/build/zeeslag -- -j3 -l3
[21.071s] Invoking command in '/home/ubuntu/Speech/zeeslag/build/zeeslag': /usr/bin/cmake --install /home/ubuntu/Speech/zeeslag/build/zeeslag
[21.105s] -- Install configuration: ""
[21.106s] -- Installing: /home/ubuntu/Speech/zeeslag/install/zeeslag/lib/zeeslag/matrixrelay
[21.121s] -- Set runtime path of "/home/ubuntu/Speech/zeeslag/install/zeeslag/lib/zeeslag/matrixrelay" to ""
[21.122s] -- Up-to-date: /home/ubuntu/Speech/zeeslag/install/zeeslag/share/ament_index/resource_index/package_run_dependencies/zeeslag
[21.122s] -- Up-to-date: /home/ubuntu/Speech/zeeslag/install/zeeslag/share/ament_index/resource_index/parent_prefix_path/zeeslag
[21.122s] -- Up-to-date: /home/ubuntu/Speech/zeeslag/install/zeeslag/share/zeeslag/environment/ament_prefix_path.sh
[21.123s] -- Up-to-date: /home/ubuntu/Speech/zeeslag/install/zeeslag/share/zeeslag/environment/ament_prefix_path.dsv
[21.123s] -- Up-to-date: /home/ubuntu/Speech/zeeslag/install/zeeslag/share/zeeslag/environment/path.sh
[21.124s] -- Up-to-date: /home/ubuntu/Speech/zeeslag/install/zeeslag/share/zeeslag/environment/path.dsv
[21.124s] -- Up-to-date: /home/ubuntu/Speech/zeeslag/install/zeeslag/share/zeeslag/local_setup.bash
[21.125s] -- Up-to-date: /home/ubuntu/Speech/zeeslag/install/zeeslag/share/zeeslag/local_setup.sh
[21.125s] -- Up-to-date: /home/ubuntu/Speech/zeeslag/install/zeeslag/share/zeeslag/local_setup.zsh
[21.125s] -- Up-to-date: /home/ubuntu/Speech/zeeslag/install/zeeslag/share/zeeslag/local_setup.dsv
[21.126s] -- Installing: /home/ubuntu/Speech/zeeslag/install/zeeslag/share/zeeslag/package.dsv
[21.127s] -- Up-to-date: /home/ubuntu/Speech/zeeslag/install/zeeslag/share/ament_index/resource_index/packages/zeeslag
[21.127s] -- Up-to-date: /home/ubuntu/Speech/zeeslag/install/zeeslag/share/zeeslag/cmake/zeeslagConfig.cmake
[21.128s] -- Up-to-date: /home/ubuntu/Speech/zeeslag/install/zeeslag/share/zeeslag/cmake/zeeslagConfig-version.cmake
[21.128s] -- Up-to-date: /home/ubuntu/Speech/zeeslag/install/zeeslag/share/zeeslag/package.xml
[21.135s] Invoked command in '/home/ubuntu/Speech/zeeslag/build/zeeslag' returned '0': /usr/bin/cmake --install /home/ubuntu/Speech/zeeslag/build/zeeslag
