[0.087s] Invoking command in '/home/ubuntu/Speech/zeeslag/build/zeeslag': /usr/bin/cmake /home/ubuntu/Speech/zeeslag/zeeslag -DCMAKE_INSTALL_PREFIX=/home/ubuntu/Speech/zeeslag/install/zeeslag
[0.346s] -- The C compiler identification is GNU 9.4.0
[0.576s] -- The CXX compiler identification is GNU 9.4.0
[0.594s] -- Check for working C compiler: /usr/bin/cc
[0.887s] -- Check for working C compiler: /usr/bin/cc -- works
[0.890s] -- Detecting C compiler ABI info
[1.191s] -- Detecting C compiler ABI info - done
[1.232s] -- Detecting C compile features
[1.233s] -- Detecting C compile features - done
[1.243s] -- Check for working CXX compiler: /usr/bin/c++
[1.573s] -- Check for working CXX compiler: /usr/bin/c++ -- works
[1.577s] -- Detecting CXX compiler ABI info
[1.913s] -- Detecting CXX compiler ABI info - done
[1.955s] -- Detecting CXX compile features
[1.957s] -- Detecting CXX compile features - done
[1.983s] -- Found ament_cmake: 0.9.9 (/home/ubuntu/ros2_foxy/ros2-linux/share/ament_cmake/cmake)
[2.112s] -- Found PythonInterp: /usr/bin/python3 (found suitable version "3.8.10", minimum required is "3") 
[2.112s] -- Using PYTHON_EXECUTABLE: /usr/bin/python3
[3.167s] -- Found ament_lint_auto: 0.9.6 (/home/ubuntu/ros2_foxy/ros2-linux/share/ament_lint_auto/cmake)
[3.583s] -- Added test 'copyright' to check source files copyright and LICENSE
[3.589s] -- Added test 'cppcheck' to perform static code analysis on C / C++ code
[3.590s] -- Configured cppcheck include dirs: $<BUILD_INTERFACE:/home/ubuntu/Speech/zeeslag/zeeslag/include>
[3.590s] -- Configured cppcheck exclude dirs and/or files: 
[3.595s] -- Added test 'cpplint' to check C / C++ code against the Google style
[3.596s] -- Configured cpplint exclude dirs and/or files: 
[3.599s] -- Added test 'lint_cmake' to check CMake code style
[3.605s] -- Added test 'uncrustify' to check C / C++ code style
[3.606s] -- Configured uncrustify additional arguments: 
[3.608s] -- Added test 'xmllint' to check XML markup files
[3.622s] -- Configuring done
[3.637s] -- Generating done
[3.642s] -- Build files have been written to: /home/ubuntu/Speech/zeeslag/build/zeeslag
[3.654s] Invoked command in '/home/ubuntu/Speech/zeeslag/build/zeeslag' returned '0': /usr/bin/cmake /home/ubuntu/Speech/zeeslag/zeeslag -DCMAKE_INSTALL_PREFIX=/home/ubuntu/Speech/zeeslag/install/zeeslag
[3.664s] Invoking command in '/home/ubuntu/Speech/zeeslag/build/zeeslag': /usr/bin/cmake --build /home/ubuntu/Speech/zeeslag/build/zeeslag -- -j3 -l3
[3.829s] [35m[1mScanning dependencies of target listener[0m
[3.876s] [ 50%] [32mBuilding CXX object CMakeFiles/listener.dir/src/listener.cpp.o[0m
[4.011s] [100%] [32m[1mLinking CXX executable listener[0m
[4.190s] [100%] Built target listener
[4.232s] Invoked command in '/home/ubuntu/Speech/zeeslag/build/zeeslag' returned '0': /usr/bin/cmake --build /home/ubuntu/Speech/zeeslag/build/zeeslag -- -j3 -l3
[4.394s] Invoking command in '/home/ubuntu/Speech/zeeslag/build/zeeslag': /usr/bin/cmake --install /home/ubuntu/Speech/zeeslag/build/zeeslag
[4.430s] -- Install configuration: ""
[4.430s] -- Installing: /home/ubuntu/Speech/zeeslag/install/zeeslag/lib/zeeslag/listener
[4.432s] -- Installing: /home/ubuntu/Speech/zeeslag/install/zeeslag/share/ament_index/resource_index/package_run_dependencies/zeeslag
[4.434s] -- Installing: /home/ubuntu/Speech/zeeslag/install/zeeslag/share/ament_index/resource_index/parent_prefix_path/zeeslag
[4.435s] -- Installing: /home/ubuntu/Speech/zeeslag/install/zeeslag/share/zeeslag/environment/ament_prefix_path.sh
[4.436s] -- Installing: /home/ubuntu/Speech/zeeslag/install/zeeslag/share/zeeslag/environment/ament_prefix_path.dsv
[4.437s] -- Installing: /home/ubuntu/Speech/zeeslag/install/zeeslag/share/zeeslag/environment/path.sh
[4.438s] -- Installing: /home/ubuntu/Speech/zeeslag/install/zeeslag/share/zeeslag/environment/path.dsv
[4.439s] -- Installing: /home/ubuntu/Speech/zeeslag/install/zeeslag/share/zeeslag/local_setup.bash
[4.440s] -- Installing: /home/ubuntu/Speech/zeeslag/install/zeeslag/share/zeeslag/local_setup.sh
[4.441s] -- Installing: /home/ubuntu/Speech/zeeslag/install/zeeslag/share/zeeslag/local_setup.zsh
[4.442s] -- Installing: /home/ubuntu/Speech/zeeslag/install/zeeslag/share/zeeslag/local_setup.dsv
[4.443s] -- Installing: /home/ubuntu/Speech/zeeslag/install/zeeslag/share/zeeslag/package.dsv
[4.445s] -- Installing: /home/ubuntu/Speech/zeeslag/install/zeeslag/share/ament_index/resource_index/packages/zeeslag
[4.446s] -- Installing: /home/ubuntu/Speech/zeeslag/install/zeeslag/share/zeeslag/cmake/zeeslagConfig.cmake
[4.447s] -- Installing: /home/ubuntu/Speech/zeeslag/install/zeeslag/share/zeeslag/cmake/zeeslagConfig-version.cmake
[4.448s] -- Installing: /home/ubuntu/Speech/zeeslag/install/zeeslag/share/zeeslag/package.xml
[4.455s] Invoked command in '/home/ubuntu/Speech/zeeslag/build/zeeslag' returned '0': /usr/bin/cmake --install /home/ubuntu/Speech/zeeslag/build/zeeslag
