-- Selecting Windows SDK version 10.0.20348.0 to target Windows 10.0.22000.
-- The C compiler identification is MSVC 19.29.30141.0
-- The CXX compiler identification is MSVC 19.29.30141.0
-- Detecting C compiler ABI info
-- Detecting C compiler ABI info - done
-- Check for working C compiler: C:/Program Files (x86)/Microsoft Visual Studio/2019/Community/VC/Tools/MSVC/14.29.30133/bin/Hostx64/x64/cl.exe - skipped
-- Detecting C compile features
-- Detecting C compile features - done
-- Detecting CXX compiler ABI info
-- Detecting CXX compiler ABI info - done
-- Check for working CXX compiler: C:/Program Files (x86)/Microsoft Visual Studio/2019/Community/VC/Tools/MSVC/14.29.30133/bin/Hostx64/x64/cl.exe - skipped
-- Detecting CXX compile features
-- Detecting CXX compile features - done
-- Found ament_cmake: 0.9.9 (C:/opt/ros/foxy/x64/share/ament_cmake/cmake)
-- Found PythonInterp: C:/opt/ros/foxy/x64/python.exe (found suitable version "3.8.3", minimum required is "3") 
-- Using PYTHON_EXECUTABLE: C:/opt/ros/foxy/x64/python.exe
-- Found rclcpp: 2.4.0 (C:/opt/ros/foxy/x64/share/rclcpp/cmake)
-- Using all available rosidl_typesupport_c: rosidl_typesupport_fastrtps_c;rosidl_typesupport_introspection_c
-- Found rosidl_adapter: 1.2.1 (C:/opt/ros/foxy/x64/share/rosidl_adapter/cmake)
-- Found OpenSSL: C:/opt/ros/foxy/x64/Lib/libcrypto.lib (found version "1.1.1g")  
-- Found FastRTPS: C:/opt/ros/foxy/x64/include  
-- Using all available rosidl_typesupport_cpp: rosidl_typesupport_fastrtps_cpp;rosidl_typesupport_introspection_cpp
-- Found rmw_implementation_cmake: 1.0.3 (C:/opt/ros/foxy/x64/share/rmw_implementation_cmake/cmake)
-- Using RMW implementation 'rmw_fastrtps_cpp' as default
-- Looking for pthread.h
-- Looking for pthread.h - not found
-- Found Threads: TRUE  
-- Found std_msgs: 2.0.4 (C:/opt/ros/foxy/x64/share/std_msgs/cmake)
-- Found ZLIB: C:/opt/ros/foxy/x64/Lib/zlib.lib (found suitable version "1.2.11", minimum required is "1") 
-- Configuring done
-- Generating done
-- Build files have been written to: C:/Users/mimii/Documents/GitHub/Speech/build/speech_ros2
Microsoft (R) Build Engine version 16.11.2+f32259642 for .NET Framework
Copyright (C) Microsoft Corporation. All rights reserved.

  Checking Build System
  Building Custom Rule C:/Users/mimii/Documents/GitHub/Speech/ros2/speech_ros2/CMakeLists.txt
  publisher_member_function.cpp
C:\Users\mimii\Documents\GitHub\Speech\ros2\speech_ros2\src\transcribe_api.hpp(10,16): warning C5208: unnamed class used in typedef name cannot declare members other than non-static data members, member enumerations, or member classes [C:\Users\mimii\Documents\GitHub\Speech\build\speech_ros2\talker.vcxproj]
C:\Users\mimii\Documents\GitHub\Speech\ros2\speech_ros2\src\pa_recorder.hpp(18,16): warning C5208: unnamed class used in typedef name cannot declare members other than non-static data members, member enumerations, or member classes [C:\Users\mimii\Documents\GitHub\Speech\build\speech_ros2\talker.vcxproj]
C:\Users\mimii\Documents\GitHub\Speech\ros2\speech_ros2\src\pa_recorder.hpp(34,16): warning C5208: unnamed class used in typedef name cannot declare members other than non-static data members, member enumerations, or member classes [C:\Users\mimii\Documents\GitHub\Speech\build\speech_ros2\talker.vcxproj]
C:\Users\mimii\Documents\GitHub\Speech\ros2\speech_ros2\src\pa_recorder.hpp(72,93): error C2065: 'recordCallback': undeclared identifier [C:\Users\mimii\Documents\GitHub\Speech\build\speech_ros2\talker.vcxproj]
C:\Users\mimii\Documents\GitHub\Speech\ros2\speech_ros2\src\publisher_member_function.cpp(43,12): error C3646: 'handle': unknown override specifier [C:\Users\mimii\Documents\GitHub\Speech\build\speech_ros2\talker.vcxproj]
C:\Users\mimii\Documents\GitHub\Speech\ros2\speech_ros2\src\publisher_member_function.cpp(43,18): error C4430: missing type specifier - int assumed. Note: C++ does not support default-int [C:\Users\mimii\Documents\GitHub\Speech\build\speech_ros2\talker.vcxproj]
C:\Users\mimii\Documents\GitHub\Speech\ros2\speech_ros2\src\publisher_member_function.cpp(38,44): error C2065: 'handle': undeclared identifier [C:\Users\mimii\Documents\GitHub\Speech\build\speech_ros2\talker.vcxproj]
C:\Users\mimii\Documents\GitHub\Speech\ros2\speech_ros2\src\publisher_member_function.cpp(38,59): error C2065: 'handle': undeclared identifier [C:\Users\mimii\Documents\GitHub\Speech\build\speech_ros2\talker.vcxproj]
C:\Users\mimii\Documents\GitHub\Speech\ros2\speech_ros2\src\publisher_member_function.cpp(38,1): error C2660: 'transcribeAudio': function does not take 1 arguments [C:\Users\mimii\Documents\GitHub\Speech\build\speech_ros2\talker.vcxproj]
C:\Users\mimii\Documents\GitHub\Speech\ros2\speech_ros2\src\transcribe_api.hpp(53,13): message : see declaration of 'transcribeAudio' [C:\Users\mimii\Documents\GitHub\Speech\build\speech_ros2\talker.vcxproj]
