-- The C compiler identification is GNU 9.4.0
-- The CXX compiler identification is GNU 9.4.0
-- Check for working C compiler: /usr/bin/cc
-- Check for working C compiler: /usr/bin/cc -- works
-- Detecting C compiler ABI info
-- Detecting C compiler ABI info - done
-- Detecting C compile features
-- Detecting C compile features - done
-- Check for working CXX compiler: /usr/bin/c++
-- Check for working CXX compiler: /usr/bin/c++ -- works
-- Detecting CXX compiler ABI info
-- Detecting CXX compiler ABI info - done
-- Detecting CXX compile features
-- Detecting CXX compile features - done
-- Found ament_cmake: 0.9.9 (/home/ubuntu/ros2_foxy/ros2-linux/share/ament_cmake/cmake)
-- Found PythonInterp: /usr/bin/python3 (found suitable version "3.8.10", minimum required is "3") 
-- Using PYTHON_EXECUTABLE: /usr/bin/python3
-- Found rclcpp: 2.4.1 (/home/ubuntu/ros2_foxy/ros2-linux/share/rclcpp/cmake)
-- Using all available rosidl_typesupport_c: rosidl_typesupport_fastrtps_c;rosidl_typesupport_introspection_c
-- Found rosidl_adapter: 1.2.1 (/home/ubuntu/ros2_foxy/ros2-linux/share/rosidl_adapter/cmake)
-- Found OpenSSL: /usr/lib/aarch64-linux-gnu/libcrypto.so (found version "1.1.1f")  
-- Found FastRTPS: /home/ubuntu/ros2_foxy/ros2-linux/include  
-- Using all available rosidl_typesupport_cpp: rosidl_typesupport_fastrtps_cpp;rosidl_typesupport_introspection_cpp
-- Found rmw_implementation_cmake: 1.0.3 (/home/ubuntu/ros2_foxy/ros2-linux/share/rmw_implementation_cmake/cmake)
-- Using RMW implementation 'rmw_fastrtps_cpp' as default
-- Looking for pthread.h
-- Looking for pthread.h - found
-- Performing Test CMAKE_HAVE_LIBC_PTHREAD
-- Performing Test CMAKE_HAVE_LIBC_PTHREAD - Failed
-- Looking for pthread_create in pthreads
-- Looking for pthread_create in pthreads - not found
-- Looking for pthread_create in pthread
-- Looking for pthread_create in pthread - found
-- Found Threads: TRUE  
-- Found std_msgs: 2.0.5 (/home/ubuntu/ros2_foxy/ros2-linux/share/std_msgs/cmake)
-- Configuring done
-- Generating done
-- Build files have been written to: /home/ubuntu/Speech/zeeslag/build/zeeslag
[35m[1mScanning dependencies of target matrixrelay[0m
[ 50%] [32mBuilding CXX object CMakeFiles/matrixrelay.dir/src/matrixrelay.cpp.o[0m
[100%] [32m[1mLinking CXX executable matrixrelay[0m
[100%] Built target matrixrelay
-- Install configuration: ""
-- Installing: /home/ubuntu/Speech/zeeslag/install/zeeslag/lib/zeeslag/matrixrelay
-- Set runtime path of "/home/ubuntu/Speech/zeeslag/install/zeeslag/lib/zeeslag/matrixrelay" to ""
-- Installing: /home/ubuntu/Speech/zeeslag/install/zeeslag/share/ament_index/resource_index/package_run_dependencies/zeeslag
-- Installing: /home/ubuntu/Speech/zeeslag/install/zeeslag/share/ament_index/resource_index/parent_prefix_path/zeeslag
-- Installing: /home/ubuntu/Speech/zeeslag/install/zeeslag/share/zeeslag/environment/ament_prefix_path.sh
-- Installing: /home/ubuntu/Speech/zeeslag/install/zeeslag/share/zeeslag/environment/ament_prefix_path.dsv
-- Installing: /home/ubuntu/Speech/zeeslag/install/zeeslag/share/zeeslag/environment/path.sh
-- Installing: /home/ubuntu/Speech/zeeslag/install/zeeslag/share/zeeslag/environment/path.dsv
-- Installing: /home/ubuntu/Speech/zeeslag/install/zeeslag/share/zeeslag/local_setup.bash
-- Installing: /home/ubuntu/Speech/zeeslag/install/zeeslag/share/zeeslag/local_setup.sh
-- Installing: /home/ubuntu/Speech/zeeslag/install/zeeslag/share/zeeslag/local_setup.zsh
-- Installing: /home/ubuntu/Speech/zeeslag/install/zeeslag/share/zeeslag/local_setup.dsv
-- Installing: /home/ubuntu/Speech/zeeslag/install/zeeslag/share/zeeslag/package.dsv
-- Installing: /home/ubuntu/Speech/zeeslag/install/zeeslag/share/ament_index/resource_index/packages/zeeslag
-- Installing: /home/ubuntu/Speech/zeeslag/install/zeeslag/share/zeeslag/cmake/zeeslagConfig.cmake
-- Installing: /home/ubuntu/Speech/zeeslag/install/zeeslag/share/zeeslag/cmake/zeeslagConfig-version.cmake
-- Installing: /home/ubuntu/Speech/zeeslag/install/zeeslag/share/zeeslag/package.xml
