[0.088s] Invoking command in '/home/ubuntu/Speech/zeeslag/build/zeeslag': /usr/bin/cmake /home/ubuntu/Speech/zeeslag/zeeslag -DCMAKE_INSTALL_PREFIX=/home/ubuntu/Speech/zeeslag/install/zeeslag
[0.343s] -- The C compiler identification is GNU 9.4.0
[0.570s] -- The CXX compiler identification is GNU 9.4.0
[0.589s] -- Check for working C compiler: /usr/bin/cc
[0.884s] -- Check for working C compiler: /usr/bin/cc -- works
[0.887s] -- Detecting C compiler ABI info
[1.187s] -- Detecting C compiler ABI info - done
[1.228s] -- Detecting C compile features
[1.230s] -- Detecting C compile features - done
[1.239s] -- Check for working CXX compiler: /usr/bin/c++
[1.570s] -- Check for working CXX compiler: /usr/bin/c++ -- works
[1.579s] -- Detecting CXX compiler ABI info
[1.911s] -- Detecting CXX compiler ABI info - done
[1.955s] -- Detecting CXX compile features
[1.956s] -- Detecting CXX compile features - done
[1.982s] -- Found ament_cmake: 0.9.9 (/home/ubuntu/ros2_foxy/ros2-linux/share/ament_cmake/cmake)
[2.108s] -- Found PythonInterp: /usr/bin/python3 (found suitable version "3.8.10", minimum required is "3") 
[2.109s] -- Using PYTHON_EXECUTABLE: /usr/bin/python3
[3.124s] -- Found rclcpp: 2.4.1 (/home/ubuntu/ros2_foxy/ros2-linux/share/rclcpp/cmake)
[3.426s] -- Using all available rosidl_typesupport_c: rosidl_typesupport_fastrtps_c;rosidl_typesupport_introspection_c
[3.487s] -- Found rosidl_adapter: 1.2.1 (/home/ubuntu/ros2_foxy/ros2-linux/share/rosidl_adapter/cmake)
[3.965s] -- Found OpenSSL: /usr/lib/aarch64-linux-gnu/libcrypto.so (found version "1.1.1f")  
[4.139s] -- Found FastRTPS: /home/ubuntu/ros2_foxy/ros2-linux/include  
[4.638s] -- Using all available rosidl_typesupport_cpp: rosidl_typesupport_fastrtps_cpp;rosidl_typesupport_introspection_cpp
[4.927s] -- Found rmw_implementation_cmake: 1.0.3 (/home/ubuntu/ros2_foxy/ros2-linux/share/rmw_implementation_cmake/cmake)
[4.933s] -- Using RMW implementation 'rmw_fastrtps_cpp' as default
[4.937s] -- Looking for pthread.h
[5.251s] -- Looking for pthread.h - found
[5.252s] -- Performing Test CMAKE_HAVE_LIBC_PTHREAD
[5.570s] -- Performing Test CMAKE_HAVE_LIBC_PTHREAD - Failed
[5.571s] -- Looking for pthread_create in pthreads
[5.829s] -- Looking for pthread_create in pthreads - not found
[5.830s] -- Looking for pthread_create in pthread
[6.141s] -- Looking for pthread_create in pthread - found
[6.146s] -- Found Threads: TRUE  
[6.607s] -- Found std_msgs: 2.0.5 (/home/ubuntu/ros2_foxy/ros2-linux/share/std_msgs/cmake)
[7.681s] -- Configuring done
[7.707s] -- Generating done
[7.713s] -- Build files have been written to: /home/ubuntu/Speech/zeeslag/build/zeeslag
[7.729s] Invoked command in '/home/ubuntu/Speech/zeeslag/build/zeeslag' returned '0': /usr/bin/cmake /home/ubuntu/Speech/zeeslag/zeeslag -DCMAKE_INSTALL_PREFIX=/home/ubuntu/Speech/zeeslag/install/zeeslag
[7.741s] Invoking command in '/home/ubuntu/Speech/zeeslag/build/zeeslag': /usr/bin/cmake --build /home/ubuntu/Speech/zeeslag/build/zeeslag -- -j3 -l3
[7.914s] [35m[1mScanning dependencies of target matrixrelay[0m
[8.091s] [ 50%] [32mBuilding CXX object CMakeFiles/matrixrelay.dir/src/matrixrelay.cpp.o[0m
[13.653s] [01m[K/home/ubuntu/Speech/zeeslag/zeeslag/src/matrixrelay.cpp:[m[K In member function ‘[01m[Kvoid MatrixRelay::topic_callback(std_msgs::msg::String_<std::allocator<void> >::SharedPtr) const[m[K’:
[13.654s] [01m[K/home/ubuntu/Speech/zeeslag/zeeslag/src/matrixrelay.cpp:57:11:[m[K [01;35m[Kwarning: [m[Kvariable ‘[01m[Kvalread[m[K’ set but not used [[01;35m[K-Wunused-but-set-variable[m[K]
[13.654s]    57 |       int [01;35m[Kvalread[m[K;
[13.654s]       |           [01;35m[K^~~~~~~[m[K
[27.568s] [100%] [32m[1mLinking CXX executable matrixrelay[0m
[28.638s] [100%] Built target matrixrelay
[28.678s] Invoked command in '/home/ubuntu/Speech/zeeslag/build/zeeslag' returned '0': /usr/bin/cmake --build /home/ubuntu/Speech/zeeslag/build/zeeslag -- -j3 -l3
[28.846s] Invoking command in '/home/ubuntu/Speech/zeeslag/build/zeeslag': /usr/bin/cmake --install /home/ubuntu/Speech/zeeslag/build/zeeslag
[28.879s] -- Install configuration: ""
[28.879s] -- Installing: /home/ubuntu/Speech/zeeslag/install/zeeslag/lib/zeeslag/matrixrelay
[28.894s] -- Set runtime path of "/home/ubuntu/Speech/zeeslag/install/zeeslag/lib/zeeslag/matrixrelay" to ""
[28.894s] -- Installing: /home/ubuntu/Speech/zeeslag/install/zeeslag/share/ament_index/resource_index/package_run_dependencies/zeeslag
[28.896s] -- Installing: /home/ubuntu/Speech/zeeslag/install/zeeslag/share/ament_index/resource_index/parent_prefix_path/zeeslag
[28.897s] -- Installing: /home/ubuntu/Speech/zeeslag/install/zeeslag/share/zeeslag/environment/ament_prefix_path.sh
[28.898s] -- Installing: /home/ubuntu/Speech/zeeslag/install/zeeslag/share/zeeslag/environment/ament_prefix_path.dsv
[28.899s] -- Installing: /home/ubuntu/Speech/zeeslag/install/zeeslag/share/zeeslag/environment/path.sh
[28.901s] -- Installing: /home/ubuntu/Speech/zeeslag/install/zeeslag/share/zeeslag/environment/path.dsv
[28.902s] -- Installing: /home/ubuntu/Speech/zeeslag/install/zeeslag/share/zeeslag/local_setup.bash
[28.903s] -- Installing: /home/ubuntu/Speech/zeeslag/install/zeeslag/share/zeeslag/local_setup.sh
[28.904s] -- Installing: /home/ubuntu/Speech/zeeslag/install/zeeslag/share/zeeslag/local_setup.zsh
[28.905s] -- Installing: /home/ubuntu/Speech/zeeslag/install/zeeslag/share/zeeslag/local_setup.dsv
[28.906s] -- Installing: /home/ubuntu/Speech/zeeslag/install/zeeslag/share/zeeslag/package.dsv
[28.907s] -- Installing: /home/ubuntu/Speech/zeeslag/install/zeeslag/share/ament_index/resource_index/packages/zeeslag
[28.909s] -- Installing: /home/ubuntu/Speech/zeeslag/install/zeeslag/share/zeeslag/cmake/zeeslagConfig.cmake
[28.909s] -- Installing: /home/ubuntu/Speech/zeeslag/install/zeeslag/share/zeeslag/cmake/zeeslagConfig-version.cmake
[28.910s] -- Installing: /home/ubuntu/Speech/zeeslag/install/zeeslag/share/zeeslag/package.xml
[28.918s] Invoked command in '/home/ubuntu/Speech/zeeslag/build/zeeslag' returned '0': /usr/bin/cmake --install /home/ubuntu/Speech/zeeslag/build/zeeslag
